{"F:\\DeTaiTotNghiep\\ecommerce\\src\\App.tsx": {"path":"F:\\DeTaiTotNghiep\\ecommerce\\src\\App.tsx","statementMap":{"0":{"start":{"line":2,"column":0},"end":{"line":2,"column":50}},"1":{"start":{"line":3,"column":0},"end":{"line":3,"column":36}},"2":{"start":{"line":5,"column":22},"end":{"line":7,"column":1}},"3":{"start":{"line":6,"column":2},"end":{"line":6,"column":44}},"4":{"start":{"line":9,"column":0},"end":{"line":9,"column":19}}},"fnMap":{"0":{"name":"(anonymous_1)","decl":{"start":{"line":5,"column":22},"end":{"line":5,"column":25}},"loc":{"start":{"line":5,"column":27},"end":{"line":7,"column":1}}}},"branchMap":{},"s":{"0":0,"1":0,"2":0,"3":0,"4":0},"f":{"0":0},"b":{}}
,"F:\\DeTaiTotNghiep\\ecommerce\\src\\i18n.ts": {"path":"F:\\DeTaiTotNghiep\\ecommerce\\src\\i18n.ts","statementMap":{"0":{"start":{"line":1,"column":0},"end":{"line":1,"column":49}},"1":{"start":{"line":2,"column":0},"end":{"line":2,"column":27}},"2":{"start":{"line":4,"column":0},"end":{"line":4,"column":61}},"3":{"start":{"line":5,"column":0},"end":{"line":5,"column":60}},"4":{"start":{"line":7,"column":31},"end":{"line":7,"column":52}},"5":{"start":{"line":9,"column":0},"end":{"line":17,"column":3}},"6":{"start":{"line":19,"column":0},"end":{"line":19,"column":20}}},"fnMap":{},"branchMap":{},"s":{"0":0,"1":0,"2":0,"3":0,"4":0,"5":0,"6":0},"f":{},"b":{}}
,"F:\\DeTaiTotNghiep\\ecommerce\\src\\components\\layout\\LanguageSwitcher.tsx": {"path":"F:\\DeTaiTotNghiep\\ecommerce\\src\\components\\layout\\LanguageSwitcher.tsx","statementMap":{"0":{"start":{"line":11,"column":0},"end":{"line":11,"column":24}},"1":{"start":{"line":1,"column":0},"end":{"line":1,"column":52}},"2":{"start":{"line":2,"column":0},"end":{"line":2,"column":50}},"3":{"start":{"line":3,"column":0},"end":{"line":3,"column":56}},"4":{"start":{"line":4,"column":0},"end":{"line":4,"column":80}},"5":{"start":{"line":6,"column":0},"end":{"line":6,"column":65}},"6":{"start":{"line":7,"column":0},"end":{"line":7,"column":30}},"7":{"start":{"line":9,"column":20},"end":{"line":9,"column":41}},"8":{"start":{"line":12,"column":30},"end":{"line":12,"column":45}},"9":{"start":{"line":13,"column":50},"end":{"line":14,"column":null}},"10":{"start":{"line":16,"column":22},"end":{"line":16,"column":50}},"11":{"start":{"line":19,"column":2},"end":{"line":33,"column":9}},"12":{"start":{"line":20,"column":31},"end":{"line":27,"column":5}},"13":{"start":{"line":21,"column":6},"end":{"line":26,"column":7}},"14":{"start":{"line":25,"column":8},"end":{"line":25,"column":25}},"15":{"start":{"line":29,"column":4},"end":{"line":29,"column":63}},"16":{"start":{"line":30,"column":4},"end":{"line":32,"column":6}},"17":{"start":{"line":31,"column":6},"end":{"line":31,"column":68}},"18":{"start":{"line":35,"column":25},"end":{"line":37,"column":3}},"19":{"start":{"line":36,"column":4},"end":{"line":36,"column":23}},"20":{"start":{"line":39,"column":31},"end":{"line":43,"column":3}},"21":{"start":{"line":40,"column":4},"end":{"line":40,"column":36}},"22":{"start":{"line":41,"column":4},"end":{"line":41,"column":21}},"23":{"start":{"line":42,"column":4},"end":{"line":42,"column":35}},"24":{"start":{"line":45,"column":2},"end":{"line":96,"column":4}},"25":{"start":{"line":78,"column":12},"end":{"line":79,"column":null}},"26":{"start":{"line":80,"column":29},"end":{"line":80,"column":57}}},"fnMap":{"0":{"name":"LanguageSwitcher","decl":{"start":{"line":11,"column":24},"end":{"line":11,"column":40}},"loc":{"start":{"line":11,"column":40},"end":{"line":97,"column":1}}},"1":{"name":"(anonymous_2)","decl":{"start":{"line":19,"column":12},"end":{"line":19,"column":15}},"loc":{"start":{"line":19,"column":17},"end":{"line":33,"column":3}}},"2":{"name":"(anonymous_3)","decl":{"start":{"line":20,"column":31},"end":{"line":20,"column":32}},"loc":{"start":{"line":20,"column":53},"end":{"line":27,"column":5}}},"3":{"name":"(anonymous_4)","decl":{"start":{"line":30,"column":11},"end":{"line":30,"column":14}},"loc":{"start":{"line":30,"column":16},"end":{"line":32,"column":5}}},"4":{"name":"(anonymous_5)","decl":{"start":{"line":35,"column":25},"end":{"line":35,"column":28}},"loc":{"start":{"line":35,"column":30},"end":{"line":37,"column":3}}},"5":{"name":"(anonymous_6)","decl":{"start":{"line":39,"column":31},"end":{"line":39,"column":32}},"loc":{"start":{"line":39,"column":59},"end":{"line":43,"column":3}}},"6":{"name":"(anonymous_7)","decl":{"start":{"line":77,"column":38},"end":{"line":77,"column":39}},"loc":{"start":{"line":78,"column":12},"end":{"line":79,"column":null}}},"7":{"name":"(anonymous_8)","decl":{"start":{"line":80,"column":23},"end":{"line":80,"column":26}},"loc":{"start":{"line":80,"column":29},"end":{"line":80,"column":57}}}},"branchMap":{"0":{"loc":{"start":{"line":21,"column":6},"end":{"line":26,"column":7}},"type":"if","locations":[{"start":{"line":21,"column":6},"end":{"line":26,"column":7}}]},"1":{"loc":{"start":{"line":22,"column":8},"end":{"line":23,"column":59}},"type":"binary-expr","locations":[{"start":{"line":22,"column":8},"end":{"line":22,"column":27}},{"start":{"line":23,"column":8},"end":{"line":23,"column":59}}]},"2":{"loc":{"start":{"line":60,"column":12},"end":{"line":60,"column":null}},"type":"cond-expr","locations":[{"start":{"line":60,"column":21},"end":{"line":60,"column":43}},{"start":{"line":60,"column":46},"end":{"line":60,"column":null}}]},"3":{"loc":{"start":{"line":67,"column":10},"end":{"line":69,"column":null}},"type":"cond-expr","locations":[{"start":{"line":68,"column":14},"end":{"line":68,"column":47}},{"start":{"line":69,"column":14},"end":{"line":69,"column":null}}]},"4":{"loc":{"start":{"line":82,"column":16},"end":{"line":82,"column":null}},"type":"cond-expr","locations":[{"start":{"line":82,"column":54},"end":{"line":82,"column":66}},{"start":{"line":82,"column":69},"end":{"line":82,"column":null}}]},"5":{"loc":{"start":{"line":88,"column":15},"end":{"line":89,"column":null}},"type":"binary-expr","locations":[{"start":{"line":88,"column":15},"end":{"line":88,"column":50}},{"start":{"line":89,"column":16},"end":{"line":89,"column":62}}]}},"s":{"0":0,"1":0,"2":0,"3":0,"4":0,"5":0,"6":0,"7":0,"8":0,"9":0,"10":0,"11":0,"12":0,"13":0,"14":0,"15":0,"16":0,"17":0,"18":0,"19":0,"20":0,"21":0,"22":0,"23":0,"24":0,"25":0,"26":0},"f":{"0":0,"1":0,"2":0,"3":0,"4":0,"5":0,"6":0,"7":0},"b":{"0":[0],"1":[0,0],"2":[0,0],"3":[0,0],"4":[0,0],"5":[0,0]}}
,"F:\\DeTaiTotNghiep\\ecommerce\\src\\components\\layout\\Navbar.tsx": {"path":"F:\\DeTaiTotNghiep\\ecommerce\\src\\components\\layout\\Navbar.tsx","statementMap":{"0":{"start":{"line":1,"column":0},"end":{"line":1,"column":44}},"1":{"start":{"line":2,"column":0},"end":{"line":2,"column":48}},"2":{"start":{"line":3,"column":0},"end":{"line":3,"column":40}},"3":{"start":{"line":4,"column":0},"end":{"line":4,"column":48}},"4":{"start":{"line":6,"column":0},"end":{"line":6,"column":42}},"5":{"start":{"line":7,"column":0},"end":{"line":7,"column":42}},"6":{"start":{"line":8,"column":0},"end":{"line":8,"column":50}},"7":{"start":{"line":9,"column":0},"end":{"line":9,"column":39}},"8":{"start":{"line":11,"column":15},"end":{"line":123,"column":1}},"9":{"start":{"line":12,"column":38},"end":{"line":12,"column":53}},"10":{"start":{"line":13,"column":50},"end":{"line":13,"column":65}},"11":{"start":{"line":16,"column":26},"end":{"line":17,"column":null}},"12":{"start":{"line":17,"column":26},"end":{"line":17,"column":52}},"13":{"start":{"line":20,"column":2},"end":{"line":20,"column":51}},"14":{"start":{"line":22,"column":2},"end":{"line":28,"column":9}},"15":{"start":{"line":23,"column":25},"end":{"line":25,"column":5}},"16":{"start":{"line":24,"column":6},"end":{"line":24,"column":41}},"17":{"start":{"line":26,"column":4},"end":{"line":26,"column":52}},"18":{"start":{"line":27,"column":4},"end":{"line":27,"column":68}},"19":{"start":{"line":27,"column":17},"end":{"line":27,"column":67}},"20":{"start":{"line":30,"column":2},"end":{"line":122,"column":4}},"21":{"start":{"line":46,"column":16},"end":{"line":48,"column":17}},"22":{"start":{"line":47,"column":18},"end":{"line":47,"column":30}},"23":{"start":{"line":49,"column":16},"end":{"line":57,"column":18}},"24":{"start":{"line":87,"column":29},"end":{"line":87,"column":67}},"25":{"start":{"line":102,"column":16},"end":{"line":104,"column":17}},"26":{"start":{"line":103,"column":18},"end":{"line":103,"column":30}},"27":{"start":{"line":105,"column":16},"end":{"line":113,"column":18}},"28":{"start":{"line":125,"column":0},"end":{"line":125,"column":22}}},"fnMap":{"0":{"name":"(anonymous_1)","decl":{"start":{"line":11,"column":15},"end":{"line":11,"column":18}},"loc":{"start":{"line":11,"column":20},"end":{"line":123,"column":1}}},"1":{"name":"(anonymous_2)","decl":{"start":{"line":17,"column":4},"end":{"line":17,"column":5}},"loc":{"start":{"line":17,"column":26},"end":{"line":17,"column":52}}},"2":{"name":"(anonymous_3)","decl":{"start":{"line":22,"column":12},"end":{"line":22,"column":15}},"loc":{"start":{"line":22,"column":17},"end":{"line":28,"column":3}}},"3":{"name":"(anonymous_4)","decl":{"start":{"line":23,"column":25},"end":{"line":23,"column":28}},"loc":{"start":{"line":23,"column":30},"end":{"line":25,"column":5}}},"4":{"name":"(anonymous_5)","decl":{"start":{"line":27,"column":11},"end":{"line":27,"column":14}},"loc":{"start":{"line":27,"column":17},"end":{"line":27,"column":67}}},"5":{"name":"(anonymous_6)","decl":{"start":{"line":44,"column":31},"end":{"line":44,"column":32}},"loc":{"start":{"line":44,"column":40},"end":{"line":58,"column":15}}},"6":{"name":"(anonymous_7)","decl":{"start":{"line":87,"column":23},"end":{"line":87,"column":26}},"loc":{"start":{"line":87,"column":29},"end":{"line":87,"column":67}}},"7":{"name":"(anonymous_8)","decl":{"start":{"line":100,"column":30},"end":{"line":100,"column":31}},"loc":{"start":{"line":100,"column":39},"end":{"line":114,"column":15}}}},"branchMap":{"0":{"loc":{"start":{"line":33,"column":8},"end":{"line":33,"column":null}},"type":"cond-expr","locations":[{"start":{"line":33,"column":21},"end":{"line":33,"column":46}},{"start":{"line":33,"column":49},"end":{"line":33,"column":null}}]},"1":{"loc":{"start":{"line":46,"column":16},"end":{"line":48,"column":17}},"type":"if","locations":[{"start":{"line":46,"column":16},"end":{"line":48,"column":17}}]},"2":{"loc":{"start":{"line":46,"column":20},"end":{"line":46,"column":57}},"type":"binary-expr","locations":[{"start":{"line":46,"column":20},"end":{"line":46,"column":37}},{"start":{"line":46,"column":41},"end":{"line":46,"column":57}}]},"3":{"loc":{"start":{"line":66,"column":13},"end":{"line":82,"column":null}},"type":"cond-expr","locations":[{"start":{"line":67,"column":14},"end":{"line":74,"column":null}},{"start":{"line":78,"column":14},"end":{"line":81,"column":null}}]},"4":{"loc":{"start":{"line":97,"column":9},"end":{"line":118,"column":null}},"type":"binary-expr","locations":[{"start":{"line":97,"column":9},"end":{"line":97,"column":25}},{"start":{"line":98,"column":10},"end":{"line":115,"column":null}}]},"5":{"loc":{"start":{"line":102,"column":16},"end":{"line":104,"column":17}},"type":"if","locations":[{"start":{"line":102,"column":16},"end":{"line":104,"column":17}}]},"6":{"loc":{"start":{"line":102,"column":20},"end":{"line":102,"column":57}},"type":"binary-expr","locations":[{"start":{"line":102,"column":20},"end":{"line":102,"column":37}},{"start":{"line":102,"column":41},"end":{"line":102,"column":57}}]}},"s":{"0":0,"1":0,"2":0,"3":0,"4":0,"5":0,"6":0,"7":0,"8":0,"9":0,"10":0,"11":0,"12":0,"13":0,"14":0,"15":0,"16":0,"17":0,"18":0,"19":0,"20":0,"21":0,"22":0,"23":0,"24":0,"25":0,"26":0,"27":0,"28":0},"f":{"0":0,"1":0,"2":0,"3":0,"4":0,"5":0,"6":0,"7":0},"b":{"0":[0,0],"1":[0],"2":[0,0],"3":[0,0],"4":[0,0],"5":[0],"6":[0,0]}}
,"F:\\DeTaiTotNghiep\\ecommerce\\src\\components\\layout\\UserDropdown.tsx": {"path":"F:\\DeTaiTotNghiep\\ecommerce\\src\\components\\layout\\UserDropdown.tsx","statementMap":{"0":{"start":{"line":1,"column":0},"end":{"line":1,"column":59}},"1":{"start":{"line":2,"column":0},"end":{"line":2,"column":40}},"2":{"start":{"line":3,"column":0},"end":{"line":3,"column":56}},"3":{"start":{"line":4,"column":0},"end":{"line":4,"column":56}},"4":{"start":{"line":5,"column":0},"end":{"line":5,"column":55}},"5":{"start":{"line":7,"column":0},"end":{"line":7,"column":49}},"6":{"start":{"line":8,"column":0},"end":{"line":8,"column":39}},"7":{"start":{"line":14,"column":50},"end":{"line":120,"column":1}},"8":{"start":{"line":15,"column":46},"end":{"line":15,"column":70}},"9":{"start":{"line":16,"column":22},"end":{"line":16,"column":50}},"10":{"start":{"line":19,"column":19},"end":{"line":19,"column":73}},"11":{"start":{"line":19,"column":53},"end":{"line":19,"column":72}},"12":{"start":{"line":20,"column":19},"end":{"line":20,"column":32}},"13":{"start":{"line":22,"column":25},"end":{"line":24,"column":3}},"14":{"start":{"line":23,"column":4},"end":{"line":23,"column":39}},"15":{"start":{"line":27,"column":2},"end":{"line":42,"column":16}},"16":{"start":{"line":28,"column":31},"end":{"line":36,"column":5}},"17":{"start":{"line":29,"column":6},"end":{"line":35,"column":7}},"18":{"start":{"line":33,"column":8},"end":{"line":33,"column":33}},"19":{"start":{"line":34,"column":8},"end":{"line":34,"column":31}},"20":{"start":{"line":34,"column":21},"end":{"line":34,"column":31}},"21":{"start":{"line":38,"column":4},"end":{"line":38,"column":63}},"22":{"start":{"line":39,"column":4},"end":{"line":41,"column":6}},"23":{"start":{"line":40,"column":6},"end":{"line":40,"column":68}},"24":{"start":{"line":44,"column":23},"end":{"line":47,"column":3}},"25":{"start":{"line":45,"column":4},"end":{"line":45,"column":23}},"26":{"start":{"line":46,"column":4},"end":{"line":46,"column":29}},"27":{"start":{"line":49,"column":2},"end":{"line":119,"column":4}},"28":{"start":{"line":89,"column":31},"end":{"line":89,"column":55}},"29":{"start":{"line":99,"column":31},"end":{"line":99,"column":55}},"30":{"start":{"line":122,"column":0},"end":{"line":122,"column":28}}},"fnMap":{"0":{"name":"(anonymous_0)","decl":{"start":{"line":14,"column":50},"end":{"line":14,"column":51}},"loc":{"start":{"line":14,"column":66},"end":{"line":120,"column":1}}},"1":{"name":"(anonymous_1)","decl":{"start":{"line":19,"column":31},"end":{"line":19,"column":32}},"loc":{"start":{"line":19,"column":53},"end":{"line":19,"column":72}}},"2":{"name":"(anonymous_2)","decl":{"start":{"line":22,"column":25},"end":{"line":22,"column":34}},"loc":{"start":{"line":22,"column":36},"end":{"line":24,"column":3}}},"3":{"name":"(anonymous_3)","decl":{"start":{"line":27,"column":12},"end":{"line":27,"column":15}},"loc":{"start":{"line":27,"column":17},"end":{"line":42,"column":3}}},"4":{"name":"(anonymous_4)","decl":{"start":{"line":28,"column":31},"end":{"line":28,"column":32}},"loc":{"start":{"line":28,"column":59},"end":{"line":36,"column":5}}},"5":{"name":"(anonymous_5)","decl":{"start":{"line":39,"column":11},"end":{"line":39,"column":14}},"loc":{"start":{"line":39,"column":16},"end":{"line":41,"column":5}}},"6":{"name":"(anonymous_6)","decl":{"start":{"line":44,"column":23},"end":{"line":44,"column":26}},"loc":{"start":{"line":44,"column":28},"end":{"line":47,"column":3}}},"7":{"name":"(anonymous_7)","decl":{"start":{"line":89,"column":25},"end":{"line":89,"column":28}},"loc":{"start":{"line":89,"column":31},"end":{"line":89,"column":55}}},"8":{"name":"(anonymous_8)","decl":{"start":{"line":99,"column":25},"end":{"line":99,"column":28}},"loc":{"start":{"line":99,"column":31},"end":{"line":99,"column":55}}}},"branchMap":{"0":{"loc":{"start":{"line":29,"column":6},"end":{"line":35,"column":7}},"type":"if","locations":[{"start":{"line":29,"column":6},"end":{"line":35,"column":7}}]},"1":{"loc":{"start":{"line":30,"column":8},"end":{"line":31,"column":59}},"type":"binary-expr","locations":[{"start":{"line":30,"column":8},"end":{"line":30,"column":27}},{"start":{"line":31,"column":8},"end":{"line":31,"column":59}}]},"2":{"loc":{"start":{"line":34,"column":8},"end":{"line":34,"column":31}},"type":"if","locations":[{"start":{"line":34,"column":8},"end":{"line":34,"column":31}}]},"3":{"loc":{"start":{"line":55,"column":9},"end":{"line":62,"column":null}},"type":"cond-expr","locations":[{"start":{"line":56,"column":10},"end":{"line":59,"column":null}},{"start":{"line":62,"column":10},"end":{"line":62,"column":96}}]},"4":{"loc":{"start":{"line":55,"column":9},"end":{"line":55,"column":24}},"type":"cond-expr","locations":[{"start":{"line":55,"column":17},"end":{"line":55,"column":19}},{"start":{"line":55,"column":9},"end":{"line":55,"column":24}}]},"5":{"loc":{"start":{"line":55,"column":9},"end":{"line":55,"column":19}},"type":"binary-expr","locations":[{"start":{"line":55,"column":9},"end":{"line":55,"column":19}},{"start":{"line":55,"column":9},"end":{"line":55,"column":19}}]},"6":{"loc":{"start":{"line":58,"column":17},"end":{"line":58,"column":53}},"type":"binary-expr","locations":[{"start":{"line":58,"column":17},"end":{"line":58,"column":31}},{"start":{"line":58,"column":35},"end":{"line":58,"column":53}}]},"7":{"loc":{"start":{"line":67,"column":9},"end":{"line":115,"column":null}},"type":"binary-expr","locations":[{"start":{"line":67,"column":9},"end":{"line":67,"column":23}},{"start":{"line":68,"column":10},"end":{"line":114,"column":null}}]},"8":{"loc":{"start":{"line":78,"column":19},"end":{"line":79,"column":27}},"type":"binary-expr","locations":[{"start":{"line":78,"column":19},"end":{"line":78,"column":84}},{"start":{"line":79,"column":20},"end":{"line":79,"column":27}}]},"9":{"loc":{"start":{"line":78,"column":22},"end":{"line":78,"column":47}},"type":"binary-expr","locations":[{"start":{"line":78,"column":22},"end":{"line":78,"column":41}},{"start":{"line":78,"column":45},"end":{"line":78,"column":47}}]},"10":{"loc":{"start":{"line":78,"column":22},"end":{"line":78,"column":41}},"type":"cond-expr","locations":[{"start":{"line":78,"column":30},"end":{"line":78,"column":32}},{"start":{"line":78,"column":22},"end":{"line":78,"column":41}}]},"11":{"loc":{"start":{"line":78,"column":22},"end":{"line":78,"column":32}},"type":"binary-expr","locations":[{"start":{"line":78,"column":22},"end":{"line":78,"column":32}},{"start":{"line":78,"column":22},"end":{"line":78,"column":32}}]},"12":{"loc":{"start":{"line":78,"column":51},"end":{"line":78,"column":75}},"type":"binary-expr","locations":[{"start":{"line":78,"column":51},"end":{"line":78,"column":69}},{"start":{"line":78,"column":73},"end":{"line":78,"column":75}}]},"13":{"loc":{"start":{"line":78,"column":51},"end":{"line":78,"column":69}},"type":"cond-expr","locations":[{"start":{"line":78,"column":59},"end":{"line":78,"column":61}},{"start":{"line":78,"column":51},"end":{"line":78,"column":69}}]},"14":{"loc":{"start":{"line":78,"column":51},"end":{"line":78,"column":61}},"type":"binary-expr","locations":[{"start":{"line":78,"column":51},"end":{"line":78,"column":61}},{"start":{"line":78,"column":51},"end":{"line":78,"column":61}}]},"15":{"loc":{"start":{"line":82,"column":19},"end":{"line":82,"column":58}},"type":"binary-expr","locations":[{"start":{"line":82,"column":19},"end":{"line":82,"column":34}},{"start":{"line":82,"column":38},"end":{"line":82,"column":58}}]},"16":{"loc":{"start":{"line":82,"column":19},"end":{"line":82,"column":34}},"type":"cond-expr","locations":[{"start":{"line":82,"column":27},"end":{"line":82,"column":29}},{"start":{"line":82,"column":19},"end":{"line":82,"column":34}}]},"17":{"loc":{"start":{"line":82,"column":19},"end":{"line":82,"column":29}},"type":"binary-expr","locations":[{"start":{"line":82,"column":19},"end":{"line":82,"column":29}},{"start":{"line":82,"column":19},"end":{"line":82,"column":29}}]}},"s":{"0":0,"1":0,"2":0,"3":0,"4":0,"5":0,"6":0,"7":0,"8":0,"9":0,"10":0,"11":0,"12":0,"13":0,"14":0,"15":0,"16":0,"17":0,"18":0,"19":0,"20":0,"21":0,"22":0,"23":0,"24":0,"25":0,"26":0,"27":0,"28":0,"29":0,"30":0},"f":{"0":0,"1":0,"2":0,"3":0,"4":0,"5":0,"6":0,"7":0,"8":0},"b":{"0":[0],"1":[0,0],"2":[0],"3":[0,0],"4":[0,0],"5":[0,0],"6":[0,0],"7":[0,0],"8":[0,0],"9":[0,0],"10":[0,0],"11":[0,0],"12":[0,0],"13":[0,0],"14":[0,0],"15":[0,0],"16":[0,0],"17":[0,0]}}
,"F:\\DeTaiTotNghiep\\ecommerce\\src\\components\\page\\auth\\login\\LoginForm.tsx": {"path":"F:\\DeTaiTotNghiep\\ecommerce\\src\\components\\page\\auth\\login\\LoginForm.tsx","statementMap":{"0":{"start":{"line":1,"column":0},"end":{"line":1,"column":40}},"1":{"start":{"line":2,"column":0},"end":{"line":2,"column":57}},"2":{"start":{"line":3,"column":0},"end":{"line":3,"column":63}},"3":{"start":{"line":4,"column":0},"end":{"line":4,"column":52}},"4":{"start":{"line":5,"column":0},"end":{"line":5,"column":46}},"5":{"start":{"line":6,"column":0},"end":{"line":6,"column":55}},"6":{"start":{"line":7,"column":0},"end":{"line":7,"column":42}},"7":{"start":{"line":8,"column":0},"end":{"line":8,"column":40}},"8":{"start":{"line":9,"column":0},"end":{"line":9,"column":49}},"9":{"start":{"line":10,"column":0},"end":{"line":10,"column":55}},"10":{"start":{"line":11,"column":0},"end":{"line":11,"column":47}},"11":{"start":{"line":12,"column":0},"end":{"line":12,"column":42}},"12":{"start":{"line":13,"column":0},"end":{"line":13,"column":54}},"13":{"start":{"line":14,"column":0},"end":{"line":14,"column":49}},"14":{"start":{"line":15,"column":0},"end":{"line":15,"column":45}},"15":{"start":{"line":16,"column":0},"end":{"line":16,"column":66}},"16":{"start":{"line":17,"column":0},"end":{"line":17,"column":null}},"17":{"start":{"line":23,"column":18},"end":{"line":133,"column":1}},"18":{"start":{"line":24,"column":28},"end":{"line":24,"column":40}},"19":{"start":{"line":25,"column":34},"end":{"line":25,"column":46}},"20":{"start":{"line":26,"column":33},"end":{"line":26,"column":42}},"21":{"start":{"line":27,"column":31},"end":{"line":27,"column":40}},"22":{"start":{"line":28,"column":19},"end":{"line":28,"column":32}},"23":{"start":{"line":29,"column":19},"end":{"line":29,"column":32}},"24":{"start":{"line":31,"column":23},"end":{"line":52,"column":4}},"25":{"start":{"line":31,"column":52},"end":{"line":52,"column":4}},"26":{"start":{"line":32,"column":4},"end":{"line":32,"column":23}},"27":{"start":{"line":33,"column":26},"end":{"line":33,"column":62}},"28":{"start":{"line":35,"column":4},"end":{"line":35,"column":31}},"29":{"start":{"line":35,"column":24},"end":{"line":35,"column":31}},"30":{"start":{"line":37,"column":4},"end":{"line":37,"column":76}},"31":{"start":{"line":39,"column":17},"end":{"line":39,"column":41}},"32":{"start":{"line":41,"column":4},"end":{"line":41,"column":22}},"33":{"start":{"line":41,"column":15},"end":{"line":41,"column":22}},"34":{"start":{"line":43,"column":4},"end":{"line":49,"column":6}},"35":{"start":{"line":50,"column":4},"end":{"line":50,"column":62}},"36":{"start":{"line":51,"column":4},"end":{"line":51,"column":18}},"37":{"start":{"line":54,"column":28},"end":{"line":63,"column":3}},"38":{"start":{"line":55,"column":24},"end":{"line":55,"column":41}},"39":{"start":{"line":56,"column":20},"end":{"line":56,"column":33}},"40":{"start":{"line":57,"column":27},"end":{"line":57,"column":41}},"41":{"start":{"line":59,"column":22},"end":{"line":61,"column":85}},"42":{"start":{"line":62,"column":4},"end":{"line":62,"column":37}},"43":{"start":{"line":65,"column":2},"end":{"line":132,"column":4}},"44":{"start":{"line":76,"column":27},"end":{"line":76,"column":51}},"45":{"start":{"line":85,"column":27},"end":{"line":85,"column":54}},"46":{"start":{"line":135,"column":0},"end":{"line":135,"column":25}}},"fnMap":{"0":{"name":"(anonymous_8)","decl":{"start":{"line":23,"column":18},"end":{"line":23,"column":21}},"loc":{"start":{"line":23,"column":23},"end":{"line":133,"column":1}}},"1":{"name":"(anonymous_9)","decl":{"start":{"line":31,"column":23},"end":{"line":31,"column":30}},"loc":{"start":{"line":31,"column":52},"end":{"line":52,"column":4}}},"2":{"name":"(anonymous_10)","decl":{"start":{"line":31,"column":52},"end":{"line":31,"column":null}},"loc":{"start":{"line":31,"column":52},"end":{"line":52,"column":3}}},"3":{"name":"(anonymous_11)","decl":{"start":{"line":54,"column":28},"end":{"line":54,"column":37}},"loc":{"start":{"line":54,"column":39},"end":{"line":63,"column":3}}},"4":{"name":"(anonymous_12)","decl":{"start":{"line":76,"column":20},"end":{"line":76,"column":21}},"loc":{"start":{"line":76,"column":27},"end":{"line":76,"column":51}}},"5":{"name":"(anonymous_13)","decl":{"start":{"line":85,"column":20},"end":{"line":85,"column":21}},"loc":{"start":{"line":85,"column":27},"end":{"line":85,"column":54}}}},"branchMap":{"0":{"loc":{"start":{"line":35,"column":4},"end":{"line":35,"column":31}},"type":"if","locations":[{"start":{"line":35,"column":4},"end":{"line":35,"column":31}}]},"1":{"loc":{"start":{"line":41,"column":4},"end":{"line":41,"column":22}},"type":"if","locations":[{"start":{"line":41,"column":4},"end":{"line":41,"column":22}}]}},"s":{"0":1,"1":1,"2":1,"3":1,"4":1,"5":1,"6":1,"7":1,"8":1,"9":1,"10":1,"11":1,"12":1,"13":1,"14":1,"15":1,"16":1,"17":1,"18":18,"19":18,"20":18,"21":18,"22":18,"23":18,"24":18,"25":3,"26":3,"27":3,"28":3,"29":1,"30":2,"31":2,"32":2,"33":1,"34":1,"35":1,"36":1,"37":18,"38":1,"39":1,"40":1,"41":1,"42":1,"43":18,"44":4,"45":4,"46":1},"f":{"0":18,"1":3,"2":3,"3":1,"4":4,"5":4},"b":{"0":[1],"1":[1]}}
,"F:\\DeTaiTotNghiep\\ecommerce\\src\\components\\page\\auth\\login\\SocialLoginButton.tsx": {"path":"F:\\DeTaiTotNghiep\\ecommerce\\src\\components\\page\\auth\\login\\SocialLoginButton.tsx","statementMap":{"0":{"start":{"line":9,"column":60},"end":{"line":24,"column":1}},"1":{"start":{"line":14,"column":2},"end":{"line":23,"column":4}},"2":{"start":{"line":26,"column":0},"end":{"line":26,"column":33}}},"fnMap":{"0":{"name":"(anonymous_0)","decl":{"start":{"line":9,"column":60},"end":{"line":9,"column":61}},"loc":{"start":{"line":13,"column":5},"end":{"line":24,"column":1}}}},"branchMap":{},"s":{"0":0,"1":0,"2":0},"f":{"0":0},"b":{}}
,"F:\\DeTaiTotNghiep\\ecommerce\\src\\components\\page\\auth\\registration\\RegistrationForm.tsx": {"path":"F:\\DeTaiTotNghiep\\ecommerce\\src\\components\\page\\auth\\registration\\RegistrationForm.tsx","statementMap":{"0":{"start":{"line":1,"column":0},"end":{"line":1,"column":52}},"1":{"start":{"line":2,"column":0},"end":{"line":2,"column":40}},"2":{"start":{"line":3,"column":0},"end":{"line":3,"column":57}},"3":{"start":{"line":4,"column":0},"end":{"line":4,"column":63}},"4":{"start":{"line":5,"column":0},"end":{"line":5,"column":55}},"5":{"start":{"line":6,"column":0},"end":{"line":6,"column":49}},"6":{"start":{"line":8,"column":0},"end":{"line":8,"column":55}},"7":{"start":{"line":9,"column":0},"end":{"line":9,"column":45}},"8":{"start":{"line":24,"column":32},"end":{"line":31,"column":2}},"9":{"start":{"line":33,"column":20},"end":{"line":42,"column":1}},"10":{"start":{"line":34,"column":2},"end":{"line":41,"column":3}},"11":{"start":{"line":36,"column":6},"end":{"line":36,"column":56}},"12":{"start":{"line":38,"column":6},"end":{"line":38,"column":26}},"13":{"start":{"line":40,"column":6},"end":{"line":40,"column":19}},"14":{"start":{"line":44,"column":25},"end":{"line":169,"column":1}},"15":{"start":{"line":45,"column":32},"end":{"line":45,"column":69}},"16":{"start":{"line":46,"column":36},"end":{"line":46,"column":51}},"17":{"start":{"line":47,"column":25},"end":{"line":47,"column":34}},"18":{"start":{"line":50,"column":4},"end":{"line":53,"column":5}},"19":{"start":{"line":51,"column":4},"end":{"line":53,"column":5}},"20":{"start":{"line":52,"column":6},"end":{"line":52,"column":68}},"21":{"start":{"line":55,"column":23},"end":{"line":85,"column":4}},"22":{"start":{"line":55,"column":52},"end":{"line":85,"column":4}},"23":{"start":{"line":56,"column":4},"end":{"line":56,"column":23}},"24":{"start":{"line":57,"column":4},"end":{"line":57,"column":23}},"25":{"start":{"line":60,"column":4},"end":{"line":64,"column":5}},"26":{"start":{"line":61,"column":6},"end":{"line":61,"column":64}},"27":{"start":{"line":62,"column":6},"end":{"line":62,"column":26}},"28":{"start":{"line":63,"column":6},"end":{"line":63,"column":13}},"29":{"start":{"line":67,"column":21},"end":{"line":74,"column":6}},"30":{"start":{"line":76,"column":4},"end":{"line":84,"column":5}},"31":{"start":{"line":77,"column":23},"end":{"line":77,"column":49}},"32":{"start":{"line":78,"column":6},"end":{"line":81,"column":7}},"33":{"start":{"line":79,"column":8},"end":{"line":79,"column":69}},"34":{"start":{"line":80,"column":8},"end":{"line":80,"column":41}},"35":{"start":{"line":83,"column":6},"end":{"line":83,"column":26}},"36":{"start":{"line":87,"column":2},"end":{"line":168,"column":4}},"37":{"start":{"line":171,"column":0},"end":{"line":171,"column":32}}},"fnMap":{"0":{"name":"(anonymous_8)","decl":{"start":{"line":33,"column":20},"end":{"line":33,"column":21}},"loc":{"start":{"line":33,"column":68},"end":{"line":42,"column":1}}},"1":{"name":"(anonymous_9)","decl":{"start":{"line":44,"column":25},"end":{"line":44,"column":28}},"loc":{"start":{"line":44,"column":30},"end":{"line":169,"column":1}}},"2":{"name":"(anonymous_10)","decl":{"start":{"line":50,"column":4},"end":{"line":50,"column":5}},"loc":{"start":{"line":51,"column":4},"end":{"line":53,"column":5}}},"3":{"name":"(anonymous_11)","decl":{"start":{"line":51,"column":4},"end":{"line":51,"column":5}},"loc":{"start":{"line":51,"column":69},"end":{"line":53,"column":5}}},"4":{"name":"(anonymous_12)","decl":{"start":{"line":55,"column":23},"end":{"line":55,"column":30}},"loc":{"start":{"line":55,"column":52},"end":{"line":85,"column":4}}},"5":{"name":"(anonymous_13)","decl":{"start":{"line":55,"column":52},"end":{"line":55,"column":null}},"loc":{"start":{"line":55,"column":52},"end":{"line":85,"column":3}}}},"branchMap":{"0":{"loc":{"start":{"line":34,"column":2},"end":{"line":41,"column":3}},"type":"switch","locations":[{"start":{"line":35,"column":4},"end":{"line":36,"column":56}},{"start":{"line":37,"column":4},"end":{"line":38,"column":26}},{"start":{"line":39,"column":4},"end":{"line":40,"column":19}}]},"1":{"loc":{"start":{"line":60,"column":4},"end":{"line":64,"column":5}},"type":"if","locations":[{"start":{"line":60,"column":4},"end":{"line":64,"column":5}}]},"2":{"loc":{"start":{"line":78,"column":6},"end":{"line":81,"column":7}},"type":"if","locations":[{"start":{"line":78,"column":6},"end":{"line":81,"column":7}}]}},"s":{"0":1,"1":1,"2":1,"3":1,"4":1,"5":1,"6":1,"7":1,"8":1,"9":1,"10":32,"11":30,"12":2,"13":0,"14":1,"15":44,"16":44,"17":44,"18":44,"19":264,"20":30,"21":44,"22":4,"23":4,"24":4,"25":4,"26":1,"27":1,"28":1,"29":3,"30":3,"31":3,"32":3,"33":2,"34":2,"35":3,"36":44,"37":1},"f":{"0":32,"1":44,"2":264,"3":30,"4":4,"5":4},"b":{"0":[30,2,0],"1":[1],"2":[2]}}
,"F:\\DeTaiTotNghiep\\ecommerce\\src\\components\\page\\blog\\BlogDetail.tsx": {"path":"F:\\DeTaiTotNghiep\\ecommerce\\src\\components\\page\\blog\\BlogDetail.tsx","statementMap":{"0":{"start":{"line":2,"column":0},"end":{"line":2,"column":34}},"1":{"start":{"line":3,"column":0},"end":{"line":3,"column":39}},"2":{"start":{"line":4,"column":0},"end":{"line":4,"column":58}},"3":{"start":{"line":5,"column":0},"end":{"line":5,"column":47}},"4":{"start":{"line":6,"column":0},"end":{"line":6,"column":49}},"5":{"start":{"line":8,"column":0},"end":{"line":8,"column":42}},"6":{"start":{"line":14,"column":26},"end":{"line":22,"column":2}},"7":{"start":{"line":24,"column":21},"end":{"line":31,"column":2}},"8":{"start":{"line":33,"column":46},"end":{"line":96,"column":1}},"9":{"start":{"line":34,"column":19},"end":{"line":34,"column":32}},"10":{"start":{"line":36,"column":2},"end":{"line":39,"column":9}},"11":{"start":{"line":38,"column":4},"end":{"line":38,"column":26}},"12":{"start":{"line":41,"column":2},"end":{"line":95,"column":4}},"13":{"start":{"line":50,"column":23},"end":{"line":50,"column":35}},"14":{"start":{"line":98,"column":0},"end":{"line":98,"column":26}}},"fnMap":{"0":{"name":"(anonymous_0)","decl":{"start":{"line":33,"column":46},"end":{"line":33,"column":47}},"loc":{"start":{"line":33,"column":59},"end":{"line":96,"column":1}}},"1":{"name":"(anonymous_1)","decl":{"start":{"line":36,"column":12},"end":{"line":36,"column":15}},"loc":{"start":{"line":36,"column":17},"end":{"line":39,"column":3}}},"2":{"name":"(anonymous_2)","decl":{"start":{"line":50,"column":17},"end":{"line":50,"column":20}},"loc":{"start":{"line":50,"column":23},"end":{"line":50,"column":35}}}},"branchMap":{"0":{"loc":{"start":{"line":80,"column":15},"end":{"line":80,"column":69}},"type":"binary-expr","locations":[{"start":{"line":80,"column":15},"end":{"line":80,"column":25}},{"start":{"line":80,"column":29},"end":{"line":80,"column":69}}]},"1":{"loc":{"start":{"line":90,"column":47},"end":{"line":90,"column":65}},"type":"binary-expr","locations":[{"start":{"line":90,"column":47},"end":{"line":90,"column":59}},{"start":{"line":90,"column":63},"end":{"line":90,"column":65}}]}},"s":{"0":0,"1":0,"2":0,"3":0,"4":0,"5":0,"6":0,"7":0,"8":0,"9":0,"10":0,"11":0,"12":0,"13":0,"14":0},"f":{"0":0,"1":0,"2":0},"b":{"0":[0,0],"1":[0,0]}}
,"F:\\DeTaiTotNghiep\\ecommerce\\src\\components\\page\\blog\\BlogList.tsx": {"path":"F:\\DeTaiTotNghiep\\ecommerce\\src\\components\\page\\blog\\BlogList.tsx","statementMap":{"0":{"start":{"line":2,"column":0},"end":{"line":2,"column":34}},"1":{"start":{"line":3,"column":0},"end":{"line":3,"column":56}},"2":{"start":{"line":8,"column":42},"end":{"line":19,"column":1}},"3":{"start":{"line":9,"column":2},"end":{"line":18,"column":4}},"4":{"start":{"line":14,"column":12},"end":{"line":14,"column":36}},"5":{"start":{"line":21,"column":0},"end":{"line":21,"column":24}}},"fnMap":{"0":{"name":"(anonymous_1)","decl":{"start":{"line":8,"column":42},"end":{"line":8,"column":43}},"loc":{"start":{"line":8,"column":56},"end":{"line":19,"column":1}}},"1":{"name":"(anonymous_2)","decl":{"start":{"line":13,"column":20},"end":{"line":13,"column":21}},"loc":{"start":{"line":14,"column":12},"end":{"line":14,"column":36}}}},"branchMap":{"0":{"loc":{"start":{"line":12,"column":9},"end":{"line":15,"column":12}},"type":"binary-expr","locations":[{"start":{"line":12,"column":9},"end":{"line":12,"column":14}},{"start":{"line":13,"column":10},"end":{"line":15,"column":12}}]}},"s":{"0":1,"1":1,"2":1,"3":6,"4":11,"5":1},"f":{"0":6,"1":11},"b":{"0":[6,5]}}
,"F:\\DeTaiTotNghiep\\ecommerce\\src\\components\\page\\blog\\BlogPost.tsx": {"path":"F:\\DeTaiTotNghiep\\ecommerce\\src\\components\\page\\blog\\BlogPost.tsx","statementMap":{"0":{"start":{"line":2,"column":0},"end":{"line":2,"column":39}},"1":{"start":{"line":3,"column":0},"end":{"line":3,"column":40}},"2":{"start":{"line":4,"column":0},"end":{"line":4,"column":40}},"3":{"start":{"line":5,"column":0},"end":{"line":5,"column":55}},"4":{"start":{"line":14,"column":18},"end":{"line":17,"column":1}},"5":{"start":{"line":15,"column":14},"end":{"line":15,"column":64}},"6":{"start":{"line":16,"column":2},"end":{"line":16,"column":36}},"7":{"start":{"line":19,"column":42},"end":{"line":79,"column":1}},"8":{"start":{"line":21,"column":27},"end":{"line":21,"column":56}},"9":{"start":{"line":23,"column":2},"end":{"line":78,"column":4}},"10":{"start":{"line":81,"column":0},"end":{"line":81,"column":24}}},"fnMap":{"0":{"name":"(anonymous_0)","decl":{"start":{"line":14,"column":18},"end":{"line":14,"column":19}},"loc":{"start":{"line":14,"column":43},"end":{"line":17,"column":1}}},"1":{"name":"(anonymous_1)","decl":{"start":{"line":19,"column":42},"end":{"line":19,"column":43}},"loc":{"start":{"line":19,"column":62},"end":{"line":79,"column":1}}}},"branchMap":{"0":{"loc":{"start":{"line":16,"column":9},"end":{"line":16,"column":35}},"type":"binary-expr","locations":[{"start":{"line":16,"column":9},"end":{"line":16,"column":29}},{"start":{"line":16,"column":33},"end":{"line":16,"column":35}}]},"1":{"loc":{"start":{"line":21,"column":37},"end":{"line":21,"column":55}},"type":"binary-expr","locations":[{"start":{"line":21,"column":37},"end":{"line":21,"column":49}},{"start":{"line":21,"column":53},"end":{"line":21,"column":55}}]},"2":{"loc":{"start":{"line":37,"column":9},"end":{"line":57,"column":null}},"type":"cond-expr","locations":[{"start":{"line":38,"column":10},"end":{"line":43,"column":null}},{"start":{"line":46,"column":10},"end":{"line":56,"column":null}}]},"3":{"loc":{"start":{"line":40,"column":19},"end":{"line":40,"column":51}},"type":"binary-expr","locations":[{"start":{"line":40,"column":19},"end":{"line":40,"column":29}},{"start":{"line":40,"column":33},"end":{"line":40,"column":51}}]}},"s":{"0":0,"1":0,"2":0,"3":0,"4":0,"5":0,"6":0,"7":0,"8":0,"9":0,"10":0},"f":{"0":0,"1":0},"b":{"0":[0,0],"1":[0,0],"2":[0,0],"3":[0,0]}}
,"F:\\DeTaiTotNghiep\\ecommerce\\src\\components\\page\\cart\\CartItem.tsx": {"path":"F:\\DeTaiTotNghiep\\ecommerce\\src\\components\\page\\cart\\CartItem.tsx","statementMap":{"0":{"start":{"line":2,"column":0},"end":{"line":2,"column":38}},"1":{"start":{"line":3,"column":0},"end":{"line":3,"column":48}},"2":{"start":{"line":5,"column":0},"end":{"line":5,"column":42}},"3":{"start":{"line":6,"column":0},"end":{"line":6,"column":40}},"4":{"start":{"line":16,"column":42},"end":{"line":93,"column":1}},"5":{"start":{"line":23,"column":2},"end":{"line":92,"column":4}},"6":{"start":{"line":31,"column":29},"end":{"line":31,"column":64}},"7":{"start":{"line":74,"column":31},"end":{"line":74,"column":50}},"8":{"start":{"line":83,"column":36},"end":{"line":83,"column":78}},"9":{"start":{"line":84,"column":36},"end":{"line":84,"column":78}},"10":{"start":{"line":95,"column":0},"end":{"line":95,"column":24}}},"fnMap":{"0":{"name":"(anonymous_1)","decl":{"start":{"line":16,"column":42},"end":{"line":16,"column":43}},"loc":{"start":{"line":22,"column":5},"end":{"line":93,"column":1}}},"1":{"name":"(anonymous_2)","decl":{"start":{"line":31,"column":22},"end":{"line":31,"column":23}},"loc":{"start":{"line":31,"column":29},"end":{"line":31,"column":64}}},"2":{"name":"(anonymous_3)","decl":{"start":{"line":74,"column":25},"end":{"line":74,"column":28}},"loc":{"start":{"line":74,"column":31},"end":{"line":74,"column":50}}},"3":{"name":"(anonymous_4)","decl":{"start":{"line":83,"column":30},"end":{"line":83,"column":33}},"loc":{"start":{"line":83,"column":36},"end":{"line":83,"column":78}}},"4":{"name":"(anonymous_5)","decl":{"start":{"line":84,"column":30},"end":{"line":84,"column":33}},"loc":{"start":{"line":84,"column":36},"end":{"line":84,"column":78}}}},"branchMap":{},"s":{"0":1,"1":1,"2":1,"3":1,"4":1,"5":9,"6":1,"7":1,"8":1,"9":1,"10":1},"f":{"0":9,"1":1,"2":1,"3":1,"4":1},"b":{}}
,"F:\\DeTaiTotNghiep\\ecommerce\\src\\components\\page\\cart\\OrderSummary.tsx": {"path":"F:\\DeTaiTotNghiep\\ecommerce\\src\\components\\page\\cart\\OrderSummary.tsx","statementMap":{"0":{"start":{"line":2,"column":0},"end":{"line":2,"column":42}},"1":{"start":{"line":3,"column":0},"end":{"line":3,"column":42}},"2":{"start":{"line":4,"column":0},"end":{"line":4,"column":57}},"3":{"start":{"line":6,"column":0},"end":{"line":6,"column":69}},"4":{"start":{"line":8,"column":50},"end":{"line":68,"column":1}},"5":{"start":{"line":14,"column":4},"end":{"line":14,"column":8}},"6":{"start":{"line":15,"column":23},"end":{"line":15,"column":43}},"7":{"start":{"line":16,"column":24},"end":{"line":18,"column":19}},"8":{"start":{"line":17,"column":17},"end":{"line":17,"column":47}},"9":{"start":{"line":20,"column":2},"end":{"line":67,"column":4}},"10":{"start":{"line":70,"column":0},"end":{"line":70,"column":28}}},"fnMap":{"0":{"name":"(anonymous_0)","decl":{"start":{"line":8,"column":50},"end":{"line":8,"column":51}},"loc":{"start":{"line":12,"column":5},"end":{"line":68,"column":1}}},"1":{"name":"(anonymous_1)","decl":{"start":{"line":17,"column":4},"end":{"line":17,"column":5}},"loc":{"start":{"line":17,"column":17},"end":{"line":17,"column":47}}}},"branchMap":{"0":{"loc":{"start":{"line":10,"column":2},"end":{"line":10,"column":26}},"type":"default-arg","locations":[{"start":{"line":10,"column":22},"end":{"line":10,"column":26}}]},"1":{"loc":{"start":{"line":16,"column":24},"end":{"line":18,"column":19}},"type":"binary-expr","locations":[{"start":{"line":16,"column":24},"end":{"line":18,"column":10}},{"start":{"line":18,"column":14},"end":{"line":18,"column":19}}]},"2":{"loc":{"start":{"line":16,"column":24},"end":{"line":18,"column":10}},"type":"cond-expr","locations":[{"start":{"line":18,"column":3},"end":{"line":18,"column":5}},{"start":{"line":18,"column":3},"end":{"line":18,"column":10}}]},"3":{"loc":{"start":{"line":16,"column":24},"end":{"line":18,"column":5}},"type":"binary-expr","locations":[{"start":{"line":16,"column":24},"end":{"line":18,"column":5}},{"start":{"line":18,"column":3},"end":{"line":18,"column":5}}]},"4":{"loc":{"start":{"line":24,"column":7},"end":{"line":27,"column":null}},"type":"binary-expr","locations":[{"start":{"line":24,"column":7},"end":{"line":24,"column":38}},{"start":{"line":24,"column":42},"end":{"line":24,"column":70}},{"start":{"line":25,"column":8},"end":{"line":26,"column":null}}]},"5":{"loc":{"start":{"line":59,"column":12},"end":{"line":59,"column":77}},"type":"cond-expr","locations":[{"start":{"line":59,"column":33},"end":{"line":59,"column":72}},{"start":{"line":59,"column":75},"end":{"line":59,"column":77}}]}},"s":{"0":1,"1":1,"2":1,"3":1,"4":1,"5":6,"6":6,"7":6,"8":5,"9":6,"10":1},"f":{"0":6,"1":5},"b":{"0":[5],"1":[6,1],"2":[1,5],"3":[6,6],"4":[6,0,0],"5":[1,5]}}
,"F:\\DeTaiTotNghiep\\ecommerce\\src\\components\\page\\cart\\QuantityControl.tsx": {"path":"F:\\DeTaiTotNghiep\\ecommerce\\src\\components\\page\\cart\\QuantityControl.tsx","statementMap":{"0":{"start":{"line":9,"column":56},"end":{"line":31,"column":1}},"1":{"start":{"line":14,"column":2},"end":{"line":30,"column":4}},"2":{"start":{"line":33,"column":0},"end":{"line":33,"column":31}}},"fnMap":{"0":{"name":"(anonymous_0)","decl":{"start":{"line":9,"column":56},"end":{"line":9,"column":57}},"loc":{"start":{"line":13,"column":5},"end":{"line":31,"column":1}}}},"branchMap":{},"s":{"0":1,"1":9,"2":1},"f":{"0":9},"b":{}}
,"F:\\DeTaiTotNghiep\\ecommerce\\src\\components\\page\\chat\\ChatContainer.tsx": {"path":"F:\\DeTaiTotNghiep\\ecommerce\\src\\components\\page\\chat\\ChatContainer.tsx","statementMap":{"0":{"start":{"line":1,"column":0},"end":{"line":1,"column":42}},"1":{"start":{"line":2,"column":0},"end":{"line":2,"column":44}},"2":{"start":{"line":10,"column":22},"end":{"line":28,"column":null}},"3":{"start":{"line":12,"column":4},"end":{"line":27,"column":6}},"4":{"start":{"line":21,"column":14},"end":{"line":21,"column":46}},"5":{"start":{"line":31,"column":0},"end":{"line":31,"column":44}},"6":{"start":{"line":33,"column":0},"end":{"line":33,"column":29}}},"fnMap":{"0":{"name":"(anonymous_1)","decl":{"start":{"line":11,"column":2},"end":{"line":11,"column":3}},"loc":{"start":{"line":11,"column":35},"end":{"line":28,"column":3}}},"1":{"name":"(anonymous_2)","decl":{"start":{"line":20,"column":26},"end":{"line":20,"column":27}},"loc":{"start":{"line":21,"column":14},"end":{"line":21,"column":46}}}},"branchMap":{"0":{"loc":{"start":{"line":14,"column":9},"end":{"line":24,"column":null}},"type":"cond-expr","locations":[{"start":{"line":15,"column":10},"end":{"line":15,"column":null}},{"start":{"line":19,"column":10},"end":{"line":23,"column":null}}]}},"s":{"0":1,"1":1,"2":1,"3":4,"4":9,"5":1,"6":1},"f":{"0":4,"1":9},"b":{"0":[1,3]}}
,"F:\\DeTaiTotNghiep\\ecommerce\\src\\components\\page\\chat\\MessageBubble.tsx": {"path":"F:\\DeTaiTotNghiep\\ecommerce\\src\\components\\page\\chat\\MessageBubble.tsx","statementMap":{"0":{"start":{"line":3,"column":0},"end":{"line":3,"column":55}},"1":{"start":{"line":9,"column":52},"end":{"line":45,"column":1}},"2":{"start":{"line":10,"column":2},"end":{"line":44,"column":4}},"3":{"start":{"line":47,"column":0},"end":{"line":47,"column":29}}},"fnMap":{"0":{"name":"(anonymous_0)","decl":{"start":{"line":9,"column":52},"end":{"line":9,"column":53}},"loc":{"start":{"line":9,"column":68},"end":{"line":45,"column":1}}}},"branchMap":{"0":{"loc":{"start":{"line":12,"column":43},"end":{"line":12,"column":87}},"type":"cond-expr","locations":[{"start":{"line":12,"column":69},"end":{"line":12,"column":82}},{"start":{"line":12,"column":85},"end":{"line":12,"column":87}}]},"1":{"loc":{"start":{"line":14,"column":7},"end":{"line":21,"column":null}},"type":"binary-expr","locations":[{"start":{"line":14,"column":7},"end":{"line":14,"column":31}},{"start":{"line":15,"column":8},"end":{"line":20,"column":null}}]},"2":{"loc":{"start":{"line":25,"column":55},"end":{"line":25,"column":103}},"type":"cond-expr","locations":[{"start":{"line":25,"column":82},"end":{"line":25,"column":91}},{"start":{"line":25,"column":94},"end":{"line":25,"column":103}}]},"3":{"loc":{"start":{"line":29,"column":12},"end":{"line":31,"column":null}},"type":"cond-expr","locations":[{"start":{"line":30,"column":16},"end":{"line":30,"column":37}},{"start":{"line":31,"column":16},"end":{"line":31,"column":null}}]},"4":{"loc":{"start":{"line":37,"column":9},"end":{"line":40,"column":null}},"type":"binary-expr","locations":[{"start":{"line":37,"column":9},"end":{"line":37,"column":26}},{"start":{"line":38,"column":10},"end":{"line":39,"column":null}}]}},"s":{"0":0,"1":0,"2":0,"3":0},"f":{"0":0},"b":{"0":[0,0],"1":[0,0],"2":[0,0],"3":[0,0],"4":[0,0]}}
,"F:\\DeTaiTotNghiep\\ecommerce\\src\\components\\page\\chat\\MessageInput.tsx": {"path":"F:\\DeTaiTotNghiep\\ecommerce\\src\\components\\page\\chat\\MessageInput.tsx","statementMap":{"0":{"start":{"line":2,"column":0},"end":{"line":2,"column":33}},"1":{"start":{"line":3,"column":0},"end":{"line":3,"column":36}},"2":{"start":{"line":5,"column":0},"end":{"line":5,"column":42}},"3":{"start":{"line":11,"column":50},"end":{"line":56,"column":1}},"4":{"start":{"line":12,"column":38},"end":{"line":12,"column":50}},"5":{"start":{"line":13,"column":19},"end":{"line":13,"column":73}},"6":{"start":{"line":13,"column":53},"end":{"line":13,"column":72}},"7":{"start":{"line":15,"column":23},"end":{"line":21,"column":3}},"8":{"start":{"line":16,"column":4},"end":{"line":16,"column":23}},"9":{"start":{"line":17,"column":4},"end":{"line":20,"column":5}},"10":{"start":{"line":18,"column":6},"end":{"line":18,"column":32}},"11":{"start":{"line":19,"column":6},"end":{"line":19,"column":24}},"12":{"start":{"line":23,"column":2},"end":{"line":55,"column":4}},"13":{"start":{"line":31,"column":31},"end":{"line":31,"column":60}},"14":{"start":{"line":58,"column":0},"end":{"line":58,"column":28}}},"fnMap":{"0":{"name":"(anonymous_0)","decl":{"start":{"line":11,"column":50},"end":{"line":11,"column":51}},"loc":{"start":{"line":11,"column":72},"end":{"line":56,"column":1}}},"1":{"name":"(anonymous_1)","decl":{"start":{"line":13,"column":31},"end":{"line":13,"column":32}},"loc":{"start":{"line":13,"column":53},"end":{"line":13,"column":72}}},"2":{"name":"(anonymous_2)","decl":{"start":{"line":15,"column":23},"end":{"line":15,"column":24}},"loc":{"start":{"line":15,"column":46},"end":{"line":21,"column":3}}},"3":{"name":"(anonymous_3)","decl":{"start":{"line":31,"column":24},"end":{"line":31,"column":25}},"loc":{"start":{"line":31,"column":31},"end":{"line":31,"column":60}}}},"branchMap":{"0":{"loc":{"start":{"line":17,"column":4},"end":{"line":20,"column":5}},"type":"if","locations":[{"start":{"line":17,"column":4},"end":{"line":20,"column":5}}]},"1":{"loc":{"start":{"line":47,"column":19},"end":{"line":47,"column":75}},"type":"binary-expr","locations":[{"start":{"line":47,"column":19},"end":{"line":47,"column":34}},{"start":{"line":47,"column":38},"end":{"line":47,"column":75}}]},"2":{"loc":{"start":{"line":47,"column":19},"end":{"line":47,"column":34}},"type":"cond-expr","locations":[{"start":{"line":47,"column":27},"end":{"line":47,"column":29}},{"start":{"line":47,"column":19},"end":{"line":47,"column":34}}]},"3":{"loc":{"start":{"line":47,"column":19},"end":{"line":47,"column":29}},"type":"binary-expr","locations":[{"start":{"line":47,"column":19},"end":{"line":47,"column":29}},{"start":{"line":47,"column":19},"end":{"line":47,"column":29}}]}},"s":{"0":0,"1":0,"2":0,"3":0,"4":0,"5":0,"6":0,"7":0,"8":0,"9":0,"10":0,"11":0,"12":0,"13":0,"14":0},"f":{"0":0,"1":0,"2":0,"3":0},"b":{"0":[0],"1":[0,0],"2":[0,0],"3":[0,0]}}
,"F:\\DeTaiTotNghiep\\ecommerce\\src\\components\\page\\chat\\TypingIndicator.tsx": {"path":"F:\\DeTaiTotNghiep\\ecommerce\\src\\components\\page\\chat\\TypingIndicator.tsx","statementMap":{"0":{"start":{"line":3,"column":34},"end":{"line":20,"column":1}},"1":{"start":{"line":4,"column":2},"end":{"line":19,"column":4}},"2":{"start":{"line":22,"column":0},"end":{"line":22,"column":31}}},"fnMap":{"0":{"name":"(anonymous_0)","decl":{"start":{"line":3,"column":34},"end":{"line":3,"column":37}},"loc":{"start":{"line":3,"column":39},"end":{"line":20,"column":1}}}},"branchMap":{},"s":{"0":0,"1":0,"2":0},"f":{"0":0},"b":{}}
,"F:\\DeTaiTotNghiep\\ecommerce\\src\\components\\page\\checkout\\CheckoutForm.tsx": {"path":"F:\\DeTaiTotNghiep\\ecommerce\\src\\components\\page\\checkout\\CheckoutForm.tsx","statementMap":{"0":{"start":{"line":2,"column":0},"end":{"line":2,"column":44}},"1":{"start":{"line":3,"column":0},"end":{"line":3,"column":42}},"2":{"start":{"line":5,"column":27},"end":{"line":5,"column":33}},"3":{"start":{"line":18,"column":57},"end":{"line":113,"column":1}},"4":{"start":{"line":24,"column":2},"end":{"line":112,"column":4}},"5":{"start":{"line":91,"column":12},"end":{"line":91,"column":33}},"6":{"start":{"line":98,"column":32},"end":{"line":98,"column":64}},"7":{"start":{"line":18,"column":13},"end":{"line":18,"column":57}}},"fnMap":{"0":{"name":"(anonymous_0)","decl":{"start":{"line":18,"column":57},"end":{"line":18,"column":58}},"loc":{"start":{"line":23,"column":5},"end":{"line":113,"column":1}}},"1":{"name":"(anonymous_1)","decl":{"start":{"line":90,"column":30},"end":{"line":90,"column":31}},"loc":{"start":{"line":91,"column":12},"end":{"line":91,"column":33}}},"2":{"name":"(anonymous_2)","decl":{"start":{"line":98,"column":26},"end":{"line":98,"column":29}},"loc":{"start":{"line":98,"column":32},"end":{"line":98,"column":64}}}},"branchMap":{},"s":{"0":0,"1":0,"2":0,"3":0,"4":0,"5":0,"6":0,"7":0},"f":{"0":0,"1":0,"2":0},"b":{}}
,"F:\\DeTaiTotNghiep\\ecommerce\\src\\components\\page\\checkout\\OrderSummary.tsx": {"path":"F:\\DeTaiTotNghiep\\ecommerce\\src\\components\\page\\checkout\\OrderSummary.tsx","statementMap":{"0":{"start":{"line":3,"column":0},"end":{"line":3,"column":57}},"1":{"start":{"line":4,"column":0},"end":{"line":4,"column":42}},"2":{"start":{"line":5,"column":0},"end":{"line":5,"column":52}},"3":{"start":{"line":6,"column":0},"end":{"line":6,"column":69}},"4":{"start":{"line":19,"column":57},"end":{"line":111,"column":1}},"5":{"start":{"line":25,"column":43},"end":{"line":25,"column":50}},"6":{"start":{"line":26,"column":23},"end":{"line":26,"column":43}},"7":{"start":{"line":27,"column":24},"end":{"line":29,"column":19}},"8":{"start":{"line":28,"column":17},"end":{"line":28,"column":47}},"9":{"start":{"line":31,"column":2},"end":{"line":110,"column":4}},"10":{"start":{"line":37,"column":10},"end":{"line":37,"column":29}},"11":{"start":{"line":19,"column":13},"end":{"line":19,"column":57}}},"fnMap":{"0":{"name":"(anonymous_0)","decl":{"start":{"line":19,"column":57},"end":{"line":19,"column":58}},"loc":{"start":{"line":24,"column":5},"end":{"line":111,"column":1}}},"1":{"name":"(anonymous_1)","decl":{"start":{"line":28,"column":4},"end":{"line":28,"column":5}},"loc":{"start":{"line":28,"column":17},"end":{"line":28,"column":47}}},"2":{"name":"(anonymous_2)","decl":{"start":{"line":36,"column":19},"end":{"line":36,"column":20}},"loc":{"start":{"line":37,"column":10},"end":{"line":37,"column":29}}}},"branchMap":{"0":{"loc":{"start":{"line":27,"column":24},"end":{"line":29,"column":19}},"type":"binary-expr","locations":[{"start":{"line":27,"column":24},"end":{"line":29,"column":10}},{"start":{"line":29,"column":14},"end":{"line":29,"column":19}}]},"1":{"loc":{"start":{"line":27,"column":24},"end":{"line":29,"column":10}},"type":"cond-expr","locations":[{"start":{"line":29,"column":3},"end":{"line":29,"column":5}},{"start":{"line":29,"column":3},"end":{"line":29,"column":10}}]},"2":{"loc":{"start":{"line":27,"column":24},"end":{"line":29,"column":5}},"type":"binary-expr","locations":[{"start":{"line":27,"column":24},"end":{"line":29,"column":5}},{"start":{"line":29,"column":3},"end":{"line":29,"column":5}}]},"3":{"loc":{"start":{"line":62,"column":17},"end":{"line":69,"column":null}},"type":"binary-expr","locations":[{"start":{"line":62,"column":17},"end":{"line":62,"column":27}},{"start":{"line":63,"column":18},"end":{"line":68,"column":null}}]},"4":{"loc":{"start":{"line":71,"column":17},"end":{"line":74,"column":null}},"type":"binary-expr","locations":[{"start":{"line":71,"column":17},"end":{"line":71,"column":26}},{"start":{"line":72,"column":18},"end":{"line":73,"column":null}}]}},"s":{"0":0,"1":0,"2":0,"3":0,"4":0,"5":0,"6":0,"7":0,"8":0,"9":0,"10":0,"11":0},"f":{"0":0,"1":0,"2":0},"b":{"0":[0,0],"1":[0,0],"2":[0,0],"3":[0,0],"4":[0,0]}}
,"F:\\DeTaiTotNghiep\\ecommerce\\src\\components\\page\\checkout\\ProductItem.tsx": {"path":"F:\\DeTaiTotNghiep\\ecommerce\\src\\components\\page\\checkout\\ProductItem.tsx","statementMap":{"0":{"start":{"line":17,"column":55},"end":{"line":40,"column":1}},"1":{"start":{"line":18,"column":2},"end":{"line":39,"column":4}},"2":{"start":{"line":17,"column":13},"end":{"line":17,"column":55}}},"fnMap":{"0":{"name":"(anonymous_0)","decl":{"start":{"line":17,"column":55},"end":{"line":17,"column":56}},"loc":{"start":{"line":17,"column":71},"end":{"line":40,"column":1}}}},"branchMap":{},"s":{"0":0,"1":0,"2":0},"f":{"0":0},"b":{}}
,"F:\\DeTaiTotNghiep\\ecommerce\\src\\components\\page\\detail\\ColorSelector.tsx": {"path":"F:\\DeTaiTotNghiep\\ecommerce\\src\\components\\page\\detail\\ColorSelector.tsx","statementMap":{"0":{"start":{"line":2,"column":0},"end":{"line":2,"column":42}},"1":{"start":{"line":4,"column":0},"end":{"line":4,"column":49}},"2":{"start":{"line":12,"column":52},"end":{"line":39,"column":1}},"3":{"start":{"line":17,"column":2},"end":{"line":38,"column":4}},"4":{"start":{"line":22,"column":10},"end":{"line":23,"column":null}},"5":{"start":{"line":32,"column":27},"end":{"line":32,"column":45}},"6":{"start":{"line":41,"column":0},"end":{"line":41,"column":29}}},"fnMap":{"0":{"name":"(anonymous_1)","decl":{"start":{"line":12,"column":52},"end":{"line":12,"column":53}},"loc":{"start":{"line":16,"column":5},"end":{"line":39,"column":1}}},"1":{"name":"(anonymous_2)","decl":{"start":{"line":21,"column":20},"end":{"line":21,"column":21}},"loc":{"start":{"line":22,"column":10},"end":{"line":23,"column":null}}},"2":{"name":"(anonymous_3)","decl":{"start":{"line":32,"column":21},"end":{"line":32,"column":24}},"loc":{"start":{"line":32,"column":27},"end":{"line":32,"column":45}}}},"branchMap":{"0":{"loc":{"start":{"line":28,"column":14},"end":{"line":30,"column":null}},"type":"cond-expr","locations":[{"start":{"line":29,"column":18},"end":{"line":29,"column":61}},{"start":{"line":30,"column":18},"end":{"line":30,"column":null}}]}},"s":{"0":0,"1":0,"2":0,"3":0,"4":0,"5":0,"6":0},"f":{"0":0,"1":0,"2":0},"b":{"0":[0,0]}}
,"F:\\DeTaiTotNghiep\\ecommerce\\src\\components\\page\\detail\\PriceDisplay.tsx": {"path":"F:\\DeTaiTotNghiep\\ecommerce\\src\\components\\page\\detail\\PriceDisplay.tsx","statementMap":{"0":{"start":{"line":2,"column":0},"end":{"line":2,"column":57}},"1":{"start":{"line":3,"column":0},"end":{"line":3,"column":69}},"2":{"start":{"line":12,"column":50},"end":{"line":55,"column":1}},"3":{"start":{"line":18,"column":23},"end":{"line":18,"column":43}},"4":{"start":{"line":19,"column":24},"end":{"line":21,"column":19}},"5":{"start":{"line":20,"column":17},"end":{"line":20,"column":47}},"6":{"start":{"line":22,"column":16},"end":{"line":38,"column":4}},"7":{"start":{"line":40,"column":2},"end":{"line":54,"column":4}},"8":{"start":{"line":57,"column":0},"end":{"line":57,"column":28}}},"fnMap":{"0":{"name":"(anonymous_0)","decl":{"start":{"line":12,"column":50},"end":{"line":12,"column":51}},"loc":{"start":{"line":17,"column":5},"end":{"line":55,"column":1}}},"1":{"name":"(anonymous_1)","decl":{"start":{"line":20,"column":4},"end":{"line":20,"column":5}},"loc":{"start":{"line":20,"column":17},"end":{"line":20,"column":47}}}},"branchMap":{"0":{"loc":{"start":{"line":16,"column":2},"end":{"line":16,"column":13}},"type":"default-arg","locations":[{"start":{"line":16,"column":9},"end":{"line":16,"column":13}}]},"1":{"loc":{"start":{"line":19,"column":24},"end":{"line":21,"column":19}},"type":"binary-expr","locations":[{"start":{"line":19,"column":24},"end":{"line":21,"column":10}},{"start":{"line":21,"column":14},"end":{"line":21,"column":19}}]},"2":{"loc":{"start":{"line":19,"column":24},"end":{"line":21,"column":10}},"type":"cond-expr","locations":[{"start":{"line":21,"column":3},"end":{"line":21,"column":5}},{"start":{"line":21,"column":3},"end":{"line":21,"column":10}}]},"3":{"loc":{"start":{"line":19,"column":24},"end":{"line":21,"column":5}},"type":"binary-expr","locations":[{"start":{"line":19,"column":24},"end":{"line":21,"column":5}},{"start":{"line":21,"column":3},"end":{"line":21,"column":5}}]},"4":{"loc":{"start":{"line":45,"column":7},"end":{"line":48,"column":null}},"type":"binary-expr","locations":[{"start":{"line":45,"column":7},"end":{"line":45,"column":30}},{"start":{"line":46,"column":8},"end":{"line":47,"column":null}}]},"5":{"loc":{"start":{"line":50,"column":7},"end":{"line":51,"column":null}},"type":"binary-expr","locations":[{"start":{"line":50,"column":7},"end":{"line":50,"column":30}},{"start":{"line":51,"column":8},"end":{"line":51,"column":76}}]}},"s":{"0":0,"1":0,"2":0,"3":0,"4":0,"5":0,"6":0,"7":0,"8":0},"f":{"0":0,"1":0},"b":{"0":[0],"1":[0,0],"2":[0,0],"3":[0,0],"4":[0,0],"5":[0,0]}}
,"F:\\DeTaiTotNghiep\\ecommerce\\src\\components\\page\\detail\\ProductDescription.tsx": {"path":"F:\\DeTaiTotNghiep\\ecommerce\\src\\components\\page\\detail\\ProductDescription.tsx","statementMap":{"0":{"start":{"line":2,"column":0},"end":{"line":2,"column":42}},"1":{"start":{"line":7,"column":62},"end":{"line":19,"column":1}},"2":{"start":{"line":10,"column":2},"end":{"line":18,"column":4}},"3":{"start":{"line":21,"column":0},"end":{"line":21,"column":34}}},"fnMap":{"0":{"name":"(anonymous_0)","decl":{"start":{"line":7,"column":62},"end":{"line":7,"column":63}},"loc":{"start":{"line":9,"column":5},"end":{"line":19,"column":1}}}},"branchMap":{},"s":{"0":0,"1":0,"2":0,"3":0},"f":{"0":0},"b":{}}
,"F:\\DeTaiTotNghiep\\ecommerce\\src\\components\\page\\detail\\ProductGallery.tsx": {"path":"F:\\DeTaiTotNghiep\\ecommerce\\src\\components\\page\\detail\\ProductGallery.tsx","statementMap":{"0":{"start":{"line":1,"column":0},"end":{"line":1,"column":40}},"1":{"start":{"line":4,"column":69},"end":{"line":34,"column":1}},"2":{"start":{"line":7,"column":44},"end":{"line":7,"column":63}},"3":{"start":{"line":9,"column":2},"end":{"line":33,"column":4}},"4":{"start":{"line":14,"column":10},"end":{"line":15,"column":null}},"5":{"start":{"line":20,"column":27},"end":{"line":20,"column":50}},"6":{"start":{"line":36,"column":0},"end":{"line":36,"column":30}}},"fnMap":{"0":{"name":"(anonymous_0)","decl":{"start":{"line":4,"column":69},"end":{"line":4,"column":70}},"loc":{"start":{"line":6,"column":5},"end":{"line":34,"column":1}}},"1":{"name":"(anonymous_1)","decl":{"start":{"line":13,"column":20},"end":{"line":13,"column":21}},"loc":{"start":{"line":14,"column":10},"end":{"line":15,"column":null}}},"2":{"name":"(anonymous_2)","decl":{"start":{"line":20,"column":21},"end":{"line":20,"column":24}},"loc":{"start":{"line":20,"column":27},"end":{"line":20,"column":50}}}},"branchMap":{"0":{"loc":{"start":{"line":18,"column":14},"end":{"line":18,"column":null}},"type":"cond-expr","locations":[{"start":{"line":18,"column":40},"end":{"line":18,"column":66}},{"start":{"line":18,"column":69},"end":{"line":18,"column":null}}]},"1":{"loc":{"start":{"line":28,"column":15},"end":{"line":28,"column":41}},"type":"cond-expr","locations":[{"start":{"line":28,"column":36},"end":{"line":28,"column":38}},{"start":{"line":28,"column":36},"end":{"line":28,"column":41}}]},"2":{"loc":{"start":{"line":28,"column":15},"end":{"line":28,"column":38}},"type":"binary-expr","locations":[{"start":{"line":28,"column":15},"end":{"line":28,"column":38}},{"start":{"line":28,"column":36},"end":{"line":28,"column":38}}]}},"s":{"0":0,"1":0,"2":0,"3":0,"4":0,"5":0,"6":0},"f":{"0":0,"1":0,"2":0},"b":{"0":[0,0],"1":[0,0],"2":[0,0]}}
,"F:\\DeTaiTotNghiep\\ecommerce\\src\\components\\page\\detail\\ProductInfo.tsx": {"path":"F:\\DeTaiTotNghiep\\ecommerce\\src\\components\\page\\detail\\ProductInfo.tsx","statementMap":{"0":{"start":{"line":2,"column":0},"end":{"line":2,"column":33}},"1":{"start":{"line":3,"column":0},"end":{"line":3,"column":50}},"2":{"start":{"line":4,"column":0},"end":{"line":4,"column":42}},"3":{"start":{"line":5,"column":0},"end":{"line":5,"column":44}},"4":{"start":{"line":6,"column":0},"end":{"line":6,"column":42}},"5":{"start":{"line":7,"column":0},"end":{"line":7,"column":59}},"6":{"start":{"line":8,"column":0},"end":{"line":8,"column":59}},"7":{"start":{"line":9,"column":0},"end":{"line":9,"column":34}},"8":{"start":{"line":10,"column":0},"end":{"line":10,"column":42}},"9":{"start":{"line":28,"column":48},"end":{"line":132,"column":1}},"10":{"start":{"line":36,"column":44},"end":{"line":36,"column":64}},"11":{"start":{"line":37,"column":42},"end":{"line":37,"column":62}},"12":{"start":{"line":38,"column":30},"end":{"line":38,"column":50}},"13":{"start":{"line":39,"column":34},"end":{"line":39,"column":53}},"14":{"start":{"line":41,"column":52},"end":{"line":42,"column":null}},"15":{"start":{"line":46,"column":2},"end":{"line":60,"column":69}},"16":{"start":{"line":47,"column":4},"end":{"line":59,"column":5}},"17":{"start":{"line":48,"column":30},"end":{"line":49,"column":null}},"18":{"start":{"line":49,"column":17},"end":{"line":49,"column":79}},"19":{"start":{"line":51,"column":6},"end":{"line":56,"column":7}},"20":{"start":{"line":52,"column":8},"end":{"line":52,"column":38}},"21":{"start":{"line":53,"column":8},"end":{"line":53,"column":55}},"22":{"start":{"line":55,"column":8},"end":{"line":55,"column":32}},"23":{"start":{"line":58,"column":6},"end":{"line":58,"column":47}},"24":{"start":{"line":62,"column":31},"end":{"line":70,"column":3}},"25":{"start":{"line":63,"column":4},"end":{"line":69,"column":5}},"26":{"start":{"line":64,"column":6},"end":{"line":66,"column":8}},"27":{"start":{"line":65,"column":8},"end":{"line":65,"column":63}},"28":{"start":{"line":68,"column":6},"end":{"line":68,"column":55}},"29":{"start":{"line":68,"column":29},"end":{"line":68,"column":52}},"30":{"start":{"line":72,"column":2},"end":{"line":131,"column":4}},"31":{"start":{"line":121,"column":31},"end":{"line":121,"column":63}},"32":{"start":{"line":122,"column":31},"end":{"line":122,"column":63}},"33":{"start":{"line":126,"column":27},"end":{"line":126,"column":60}},"34":{"start":{"line":134,"column":0},"end":{"line":134,"column":27}}},"fnMap":{"0":{"name":"(anonymous_1)","decl":{"start":{"line":28,"column":48},"end":{"line":28,"column":49}},"loc":{"start":{"line":35,"column":5},"end":{"line":132,"column":1}}},"1":{"name":"(anonymous_2)","decl":{"start":{"line":46,"column":12},"end":{"line":46,"column":15}},"loc":{"start":{"line":46,"column":17},"end":{"line":60,"column":3}}},"2":{"name":"(anonymous_3)","decl":{"start":{"line":49,"column":8},"end":{"line":49,"column":9}},"loc":{"start":{"line":49,"column":17},"end":{"line":49,"column":79}}},"3":{"name":"(anonymous_4)","decl":{"start":{"line":62,"column":31},"end":{"line":62,"column":32}},"loc":{"start":{"line":62,"column":65},"end":{"line":70,"column":3}}},"4":{"name":"(anonymous_5)","decl":{"start":{"line":64,"column":18},"end":{"line":64,"column":19}},"loc":{"start":{"line":65,"column":8},"end":{"line":65,"column":63}}},"5":{"name":"(anonymous_6)","decl":{"start":{"line":68,"column":18},"end":{"line":68,"column":19}},"loc":{"start":{"line":68,"column":29},"end":{"line":68,"column":52}}},"6":{"name":"(anonymous_7)","decl":{"start":{"line":121,"column":25},"end":{"line":121,"column":28}},"loc":{"start":{"line":121,"column":31},"end":{"line":121,"column":63}}},"7":{"name":"(anonymous_8)","decl":{"start":{"line":122,"column":25},"end":{"line":122,"column":28}},"loc":{"start":{"line":122,"column":31},"end":{"line":122,"column":63}}},"8":{"name":"(anonymous_9)","decl":{"start":{"line":126,"column":21},"end":{"line":126,"column":24}},"loc":{"start":{"line":126,"column":27},"end":{"line":126,"column":60}}}},"branchMap":{"0":{"loc":{"start":{"line":42,"column":4},"end":{"line":42,"column":22}},"type":"binary-expr","locations":[{"start":{"line":42,"column":4},"end":{"line":42,"column":17}},{"start":{"line":42,"column":21},"end":{"line":42,"column":22}}]},"1":{"loc":{"start":{"line":47,"column":4},"end":{"line":59,"column":5}},"type":"if","locations":[{"start":{"line":47,"column":4},"end":{"line":59,"column":5}},{"start":{"line":57,"column":11},"end":{"line":59,"column":5}}]},"2":{"loc":{"start":{"line":47,"column":8},"end":{"line":47,"column":37}},"type":"binary-expr","locations":[{"start":{"line":47,"column":8},"end":{"line":47,"column":21}},{"start":{"line":47,"column":25},"end":{"line":47,"column":37}}]},"3":{"loc":{"start":{"line":49,"column":17},"end":{"line":49,"column":79}},"type":"binary-expr","locations":[{"start":{"line":49,"column":17},"end":{"line":49,"column":47}},{"start":{"line":49,"column":51},"end":{"line":49,"column":79}}]},"4":{"loc":{"start":{"line":51,"column":6},"end":{"line":56,"column":7}},"type":"if","locations":[{"start":{"line":51,"column":6},"end":{"line":56,"column":7}},{"start":{"line":54,"column":13},"end":{"line":56,"column":7}}]},"5":{"loc":{"start":{"line":58,"column":27},"end":{"line":58,"column":45}},"type":"binary-expr","locations":[{"start":{"line":58,"column":27},"end":{"line":58,"column":40}},{"start":{"line":58,"column":44},"end":{"line":58,"column":45}}]},"6":{"loc":{"start":{"line":63,"column":4},"end":{"line":69,"column":5}},"type":"if","locations":[{"start":{"line":63,"column":4},"end":{"line":69,"column":5}},{"start":{"line":67,"column":11},"end":{"line":69,"column":5}}]},"7":{"loc":{"start":{"line":65,"column":8},"end":{"line":65,"column":63}},"type":"cond-expr","locations":[{"start":{"line":65,"column":35},"end":{"line":65,"column":43}},{"start":{"line":65,"column":46},"end":{"line":65,"column":63}}]},"8":{"loc":{"start":{"line":68,"column":29},"end":{"line":68,"column":52}},"type":"cond-expr","locations":[{"start":{"line":68,"column":40},"end":{"line":68,"column":48}},{"start":{"line":68,"column":51},"end":{"line":68,"column":52}}]},"9":{"loc":{"start":{"line":83,"column":48},"end":{"line":83,"column":129}},"type":"cond-expr","locations":[{"start":{"line":83,"column":72},"end":{"line":83,"column":101}},{"start":{"line":83,"column":104},"end":{"line":83,"column":129}}]},"10":{"loc":{"start":{"line":85,"column":13},"end":{"line":85,"column":75}},"type":"cond-expr","locations":[{"start":{"line":85,"column":37},"end":{"line":85,"column":53}},{"start":{"line":85,"column":56},"end":{"line":85,"column":75}}]},"11":{"loc":{"start":{"line":117,"column":7},"end":{"line":128,"column":null}},"type":"binary-expr","locations":[{"start":{"line":117,"column":7},"end":{"line":117,"column":28}},{"start":{"line":118,"column":8},"end":{"line":127,"column":null}}]}},"s":{"0":0,"1":0,"2":0,"3":0,"4":0,"5":0,"6":0,"7":0,"8":0,"9":0,"10":0,"11":0,"12":0,"13":0,"14":0,"15":0,"16":0,"17":0,"18":0,"19":0,"20":0,"21":0,"22":0,"23":0,"24":0,"25":0,"26":0,"27":0,"28":0,"29":0,"30":0,"31":0,"32":0,"33":0,"34":0},"f":{"0":0,"1":0,"2":0,"3":0,"4":0,"5":0,"6":0,"7":0,"8":0},"b":{"0":[0,0],"1":[0,0],"2":[0,0],"3":[0,0],"4":[0,0],"5":[0,0],"6":[0,0],"7":[0,0],"8":[0,0],"9":[0,0],"10":[0,0],"11":[0,0]}}
,"F:\\DeTaiTotNghiep\\ecommerce\\src\\components\\page\\detail\\QuantitySelector.tsx": {"path":"F:\\DeTaiTotNghiep\\ecommerce\\src\\components\\page\\detail\\QuantitySelector.tsx","statementMap":{"0":{"start":{"line":2,"column":0},"end":{"line":2,"column":43}},"1":{"start":{"line":10,"column":58},"end":{"line":34,"column":1}},"2":{"start":{"line":15,"column":2},"end":{"line":33,"column":4}},"3":{"start":{"line":36,"column":0},"end":{"line":36,"column":32}}},"fnMap":{"0":{"name":"(anonymous_0)","decl":{"start":{"line":10,"column":58},"end":{"line":10,"column":59}},"loc":{"start":{"line":14,"column":5},"end":{"line":34,"column":1}}}},"branchMap":{},"s":{"0":0,"1":0,"2":0,"3":0},"f":{"0":0},"b":{}}
,"F:\\DeTaiTotNghiep\\ecommerce\\src\\components\\page\\detail\\ReviewCard.tsx": {"path":"F:\\DeTaiTotNghiep\\ecommerce\\src\\components\\page\\detail\\ReviewCard.tsx","statementMap":{"0":{"start":{"line":2,"column":0},"end":{"line":2,"column":50}},"1":{"start":{"line":3,"column":0},"end":{"line":3,"column":42}},"2":{"start":{"line":4,"column":0},"end":{"line":4,"column":49}},"3":{"start":{"line":14,"column":46},"end":{"line":44,"column":1}},"4":{"start":{"line":21,"column":2},"end":{"line":43,"column":4}},"5":{"start":{"line":46,"column":0},"end":{"line":46,"column":26}}},"fnMap":{"0":{"name":"(anonymous_1)","decl":{"start":{"line":14,"column":46},"end":{"line":14,"column":47}},"loc":{"start":{"line":20,"column":5},"end":{"line":44,"column":1}}}},"branchMap":{"0":{"loc":{"start":{"line":16,"column":2},"end":{"line":16,"column":20}},"type":"default-arg","locations":[{"start":{"line":16,"column":15},"end":{"line":16,"column":20}}]},"1":{"loc":{"start":{"line":30,"column":13},"end":{"line":33,"column":null}},"type":"binary-expr","locations":[{"start":{"line":30,"column":13},"end":{"line":30,"column":23}},{"start":{"line":31,"column":14},"end":{"line":32,"column":null}}]}},"s":{"0":0,"1":0,"2":0,"3":0,"4":0,"5":0},"f":{"0":0},"b":{"0":[0],"1":[0,0]}}
,"F:\\DeTaiTotNghiep\\ecommerce\\src\\components\\page\\detail\\ReviewSection.tsx": {"path":"F:\\DeTaiTotNghiep\\ecommerce\\src\\components\\page\\detail\\ReviewSection.tsx","statementMap":{"0":{"start":{"line":1,"column":0},"end":{"line":1,"column":51}},"1":{"start":{"line":2,"column":0},"end":{"line":2,"column":38}},"2":{"start":{"line":3,"column":0},"end":{"line":3,"column":42}},"3":{"start":{"line":4,"column":0},"end":{"line":4,"column":52}},"4":{"start":{"line":11,"column":52},"end":{"line":133,"column":1}},"5":{"start":{"line":18,"column":6},"end":{"line":18,"column":18}},"6":{"start":{"line":19,"column":40},"end":{"line":19,"column":51}},"7":{"start":{"line":20,"column":48},"end":{"line":20,"column":78}},"8":{"start":{"line":21,"column":19},"end":{"line":21,"column":20}},"9":{"start":{"line":24,"column":2},"end":{"line":39,"column":18}},"10":{"start":{"line":26,"column":4},"end":{"line":26,"column":27}},"11":{"start":{"line":27,"column":4},"end":{"line":27,"column":22}},"12":{"start":{"line":29,"column":4},"end":{"line":38,"column":6}},"13":{"start":{"line":42,"column":2},"end":{"line":60,"column":36}},"14":{"start":{"line":43,"column":4},"end":{"line":59,"column":5}},"15":{"start":{"line":44,"column":6},"end":{"line":58,"column":7}},"16":{"start":{"line":46,"column":8},"end":{"line":46,"column":43}},"17":{"start":{"line":49,"column":8},"end":{"line":57,"column":11}},"18":{"start":{"line":51,"column":30},"end":{"line":51,"column":70}},"19":{"start":{"line":51,"column":59},"end":{"line":51,"column":68}},"20":{"start":{"line":53,"column":29},"end":{"line":54,"column":null}},"21":{"start":{"line":54,"column":24},"end":{"line":54,"column":51}},"22":{"start":{"line":56,"column":10},"end":{"line":56,"column":42}},"23":{"start":{"line":62,"column":25},"end":{"line":78,"column":3}},"24":{"start":{"line":63,"column":4},"end":{"line":77,"column":5}},"25":{"start":{"line":64,"column":23},"end":{"line":64,"column":38}},"26":{"start":{"line":65,"column":6},"end":{"line":65,"column":31}},"27":{"start":{"line":67,"column":6},"end":{"line":76,"column":8}},"28":{"start":{"line":80,"column":2},"end":{"line":86,"column":3}},"29":{"start":{"line":81,"column":4},"end":{"line":85,"column":6}},"30":{"start":{"line":88,"column":2},"end":{"line":90,"column":3}},"31":{"start":{"line":89,"column":4},"end":{"line":89,"column":55}},"32":{"start":{"line":92,"column":2},"end":{"line":132,"column":4}},"33":{"start":{"line":106,"column":12},"end":{"line":107,"column":null}},"34":{"start":{"line":135,"column":0},"end":{"line":135,"column":29}}},"fnMap":{"0":{"name":"(anonymous_1)","decl":{"start":{"line":11,"column":52},"end":{"line":11,"column":53}},"loc":{"start":{"line":11,"column":70},"end":{"line":133,"column":1}}},"1":{"name":"(anonymous_2)","decl":{"start":{"line":24,"column":12},"end":{"line":24,"column":15}},"loc":{"start":{"line":24,"column":17},"end":{"line":39,"column":3}}},"2":{"name":"(anonymous_3)","decl":{"start":{"line":42,"column":12},"end":{"line":42,"column":15}},"loc":{"start":{"line":42,"column":17},"end":{"line":60,"column":3}}},"3":{"name":"(anonymous_4)","decl":{"start":{"line":49,"column":27},"end":{"line":49,"column":28}},"loc":{"start":{"line":49,"column":36},"end":{"line":57,"column":9}}},"4":{"name":"(anonymous_5)","decl":{"start":{"line":51,"column":47},"end":{"line":51,"column":48}},"loc":{"start":{"line":51,"column":59},"end":{"line":51,"column":68}}},"5":{"name":"(anonymous_6)","decl":{"start":{"line":54,"column":12},"end":{"line":54,"column":13}},"loc":{"start":{"line":54,"column":24},"end":{"line":54,"column":51}}},"6":{"name":"(anonymous_7)","decl":{"start":{"line":62,"column":25},"end":{"line":62,"column":28}},"loc":{"start":{"line":62,"column":30},"end":{"line":78,"column":3}}},"7":{"name":"(anonymous_8)","decl":{"start":{"line":105,"column":31},"end":{"line":105,"column":32}},"loc":{"start":{"line":106,"column":12},"end":{"line":107,"column":null}}}},"branchMap":{"0":{"loc":{"start":{"line":43,"column":4},"end":{"line":59,"column":5}},"type":"if","locations":[{"start":{"line":43,"column":4},"end":{"line":59,"column":5}}]},"1":{"loc":{"start":{"line":43,"column":8},"end":{"line":43,"column":51}},"type":"binary-expr","locations":[{"start":{"line":43,"column":8},"end":{"line":43,"column":22}},{"start":{"line":43,"column":26},"end":{"line":43,"column":51}}]},"2":{"loc":{"start":{"line":44,"column":6},"end":{"line":58,"column":7}},"type":"if","locations":[{"start":{"line":44,"column":6},"end":{"line":58,"column":7}},{"start":{"line":47,"column":13},"end":{"line":58,"column":7}}]},"3":{"loc":{"start":{"line":63,"column":4},"end":{"line":77,"column":5}},"type":"if","locations":[{"start":{"line":63,"column":4},"end":{"line":77,"column":5}}]},"4":{"loc":{"start":{"line":63,"column":8},"end":{"line":63,"column":57}},"type":"binary-expr","locations":[{"start":{"line":63,"column":8},"end":{"line":63,"column":16}},{"start":{"line":63,"column":20},"end":{"line":63,"column":57}}]},"5":{"loc":{"start":{"line":80,"column":2},"end":{"line":86,"column":3}},"type":"if","locations":[{"start":{"line":80,"column":2},"end":{"line":86,"column":3}}]},"6":{"loc":{"start":{"line":80,"column":6},"end":{"line":80,"column":34}},"type":"binary-expr","locations":[{"start":{"line":80,"column":6},"end":{"line":80,"column":13}},{"start":{"line":80,"column":17},"end":{"line":80,"column":34}}]},"7":{"loc":{"start":{"line":88,"column":2},"end":{"line":90,"column":3}},"type":"if","locations":[{"start":{"line":88,"column":2},"end":{"line":90,"column":3}}]},"8":{"loc":{"start":{"line":98,"column":14},"end":{"line":98,"column":42}},"type":"binary-expr","locations":[{"start":{"line":98,"column":14},"end":{"line":98,"column":37}},{"start":{"line":98,"column":41},"end":{"line":98,"column":42}}]},"9":{"loc":{"start":{"line":98,"column":14},"end":{"line":98,"column":37}},"type":"cond-expr","locations":[{"start":{"line":98,"column":22},"end":{"line":98,"column":24}},{"start":{"line":98,"column":14},"end":{"line":98,"column":37}}]},"10":{"loc":{"start":{"line":98,"column":14},"end":{"line":98,"column":24}},"type":"binary-expr","locations":[{"start":{"line":98,"column":14},"end":{"line":98,"column":24}},{"start":{"line":98,"column":14},"end":{"line":98,"column":24}}]},"11":{"loc":{"start":{"line":103,"column":7},"end":{"line":129,"column":null}},"type":"cond-expr","locations":[{"start":{"line":104,"column":8},"end":{"line":124,"column":null}},{"start":{"line":127,"column":8},"end":{"line":128,"column":null}}]},"12":{"loc":{"start":{"line":103,"column":7},"end":{"line":103,"column":52}},"type":"binary-expr","locations":[{"start":{"line":103,"column":7},"end":{"line":103,"column":22}},{"start":{"line":103,"column":26},"end":{"line":103,"column":52}}]},"13":{"loc":{"start":{"line":116,"column":11},"end":{"line":123,"column":null}},"type":"binary-expr","locations":[{"start":{"line":116,"column":11},"end":{"line":116,"column":19}},{"start":{"line":116,"column":23},"end":{"line":116,"column":60}},{"start":{"line":117,"column":12},"end":{"line":122,"column":null}}]},"14":{"loc":{"start":{"line":122,"column":15},"end":{"line":122,"column":68}},"type":"cond-expr","locations":[{"start":{"line":122,"column":25},"end":{"line":122,"column":41}},{"start":{"line":122,"column":44},"end":{"line":122,"column":68}}]}},"s":{"0":0,"1":0,"2":0,"3":0,"4":0,"5":0,"6":0,"7":0,"8":0,"9":0,"10":0,"11":0,"12":0,"13":0,"14":0,"15":0,"16":0,"17":0,"18":0,"19":0,"20":0,"21":0,"22":0,"23":0,"24":0,"25":0,"26":0,"27":0,"28":0,"29":0,"30":0,"31":0,"32":0,"33":0,"34":0},"f":{"0":0,"1":0,"2":0,"3":0,"4":0,"5":0,"6":0,"7":0},"b":{"0":[0],"1":[0,0],"2":[0,0],"3":[0],"4":[0,0],"5":[0],"6":[0,0],"7":[0],"8":[0,0],"9":[0,0],"10":[0,0],"11":[0,0],"12":[0,0],"13":[0,0,0],"14":[0,0]}}
,"F:\\DeTaiTotNghiep\\ecommerce\\src\\components\\page\\detail\\SizeSelector.tsx": {"path":"F:\\DeTaiTotNghiep\\ecommerce\\src\\components\\page\\detail\\SizeSelector.tsx","statementMap":{"0":{"start":{"line":2,"column":0},"end":{"line":2,"column":42}},"1":{"start":{"line":11,"column":50},"end":{"line":36,"column":1}},"2":{"start":{"line":16,"column":2},"end":{"line":35,"column":4}},"3":{"start":{"line":21,"column":10},"end":{"line":22,"column":null}},"4":{"start":{"line":28,"column":27},"end":{"line":28,"column":44}},"5":{"start":{"line":38,"column":0},"end":{"line":38,"column":28}}},"fnMap":{"0":{"name":"(anonymous_0)","decl":{"start":{"line":11,"column":50},"end":{"line":11,"column":51}},"loc":{"start":{"line":15,"column":5},"end":{"line":36,"column":1}}},"1":{"name":"(anonymous_1)","decl":{"start":{"line":20,"column":19},"end":{"line":20,"column":20}},"loc":{"start":{"line":21,"column":10},"end":{"line":22,"column":null}}},"2":{"name":"(anonymous_2)","decl":{"start":{"line":28,"column":21},"end":{"line":28,"column":24}},"loc":{"start":{"line":28,"column":27},"end":{"line":28,"column":44}}}},"branchMap":{"0":{"loc":{"start":{"line":24,"column":14},"end":{"line":26,"column":null}},"type":"cond-expr","locations":[{"start":{"line":25,"column":18},"end":{"line":25,"column":39}},{"start":{"line":26,"column":18},"end":{"line":26,"column":null}}]}},"s":{"0":0,"1":0,"2":0,"3":0,"4":0,"5":0},"f":{"0":0,"1":0,"2":0},"b":{"0":[0,0]}}
[...]
:594,"column":41}},"224":{"start":{"line":595,"column":2},"end":{"line":595,"column":43}},"225":{"start":{"line":596,"column":18},"end":{"line":596,"column":45}},"226":{"start":{"line":597,"column":2},"end":{"line":599,"column":3}},"227":{"start":{"line":598,"column":4},"end":{"line":598,"column":62}},"228":{"start":{"line":601,"column":2},"end":{"line":601,"column":41}},"229":{"start":{"line":604,"column":24},"end":{"line":608,"column":null}},"230":{"start":{"line":610,"column":25},"end":{"line":610,"column":76}},"231":{"start":{"line":613,"column":2},"end":{"line":613,"column":53}},"232":{"start":{"line":616,"column":2},"end":{"line":616,"column":41}},"233":{"start":{"line":619,"column":2},"end":{"line":630,"column":5}},"234":{"start":{"line":620,"column":4},"end":{"line":629,"column":6}},"235":{"start":{"line":622,"column":8},"end":{"line":624,"column":9}},"236":{"start":{"line":623,"column":10},"end":{"line":623,"column":62}},"237":{"start":{"line":625,"column":8},"end":{"line":625,"column":22}},"238":{"start":{"line":644,"column":21},"end":{"line":644,"column":41}},"239":{"start":{"line":645,"column":21},"end":{"line":645,"column":41}},"240":{"start":{"line":648,"column":21},"end":{"line":648,"column":66}},"241":{"start":{"line":649,"column":22},"end":{"line":649,"column":69}},"242":{"start":{"line":652,"column":2},"end":{"line":691,"column":3}},"243":{"start":{"line":652,"column":15},"end":{"line":652,"column":16}},"244":{"start":{"line":653,"column":4},"end":{"line":690,"column":5}},"245":{"start":{"line":653,"column":17},"end":{"line":653,"column":18}},"246":{"start":{"line":655,"column":22},"end":{"line":655,"column":48}},"247":{"start":{"line":656,"column":22},"end":{"line":656,"column":49}},"248":{"start":{"line":659,"column":20},"end":{"line":660,"column":null}},"249":{"start":{"line":662,"column":20},"end":{"line":663,"column":null}},"250":{"start":{"line":665,"column":24},"end":{"line":665,"column":54}},"251":{"start":{"line":666,"column":24},"end":{"line":666,"column":48}},"252":{"start":{"line":669,"column":6},"end":{"line":689,"column":7}},"253":{"start":{"line":670,"column":28},"end":{"line":670,"column":63}},"254":{"start":{"line":671,"column":28},"end":{"line":671,"column":75}},"255":{"start":{"line":674,"column":22},"end":{"line":674,"column":37}},"256":{"start":{"line":676,"column":8},"end":{"line":679,"column":10}},"257":{"start":{"line":680,"column":8},"end":{"line":683,"column":10}},"258":{"start":{"line":684,"column":8},"end":{"line":687,"column":10}}},"fnMap":{"0":{"name":"runSegmentation","decl":{"start":{"line":28,"column":22},"end":{"line":28,"column":37}},"loc":{"start":{"line":28,"column":37},"end":{"line":77,"column":null}}},"1":{"name":"(anonymous_8)","decl":{"start":{"line":29,"column":2},"end":{"line":29,"column":18}},"loc":{"start":{"line":30,"column":40},"end":{"line":77,"column":1}}},"2":{"name":"(anonymous_9)","decl":{"start":{"line":47,"column":25},"end":{"line":47,"column":26}},"loc":{"start":{"line":48,"column":8},"end":{"line":50,"column":null}}},"3":{"name":"(anonymous_10)","decl":{"start":{"line":49,"column":10},"end":{"line":49,"column":13}},"loc":{"start":{"line":49,"column":16},"end":{"line":49,"column":69}}},"4":{"name":"(anonymous_11)","decl":{"start":{"line":59,"column":14},"end":{"line":59,"column":15}},"loc":{"start":{"line":60,"column":16},"end":{"line":60,"column":80}}},"5":{"name":"(anonymous_12)","decl":{"start":{"line":62,"column":17},"end":{"line":62,"column":18}},"loc":{"start":{"line":62,"column":31},"end":{"line":65,"column":14}}},"6":{"name":"(anonymous_13)","decl":{"start":{"line":66,"column":21},"end":{"line":66,"column":22}},"loc":{"start":{"line":66,"column":35},"end":{"line":69,"column":12}}},"7":{"name":"processMasks","decl":{"start":{"line":119,"column":22},"end":{"line":119,"column":34}},"loc":{"start":{"line":119,"column":34},"end":{"line":187,"column":null}}},"8":{"name":"(anonymous_15)","decl":{"start":{"line":120,"column":2},"end":{"line":120,"column":43}},"loc":{"start":{"line":122,"column":39},"end":{"line":187,"column":1}}},"9":{"name":"(anonymous_16)","decl":{"start":{"line":135,"column":34},"end":{"line":135,"column":35}},"loc":{"start":{"line":136,"column":10},"end":{"line":136,"column":47}}},"10":{"name":"createCompositeView","decl":{"start":{"line":195,"column":15},"end":{"line":195,"column":34}},"loc":{"start":{"line":197,"column":33},"end":{"line":282,"column":null}}},"11":{"name":"(anonymous_19)","decl":{"start":{"line":218,"column":19},"end":{"line":218,"column":20}},"loc":{"start":{"line":218,"column":38},"end":{"line":279,"column":3}}},"12":{"name":"createMaskImageData","decl":{"start":{"line":288,"column":9},"end":{"line":288,"column":28}},"loc":{"start":{"line":288,"column":51},"end":{"line":300,"column":1}}},"13":{"name":"loadImage","decl":{"start":{"line":307,"column":16},"end":{"line":307,"column":25}},"loc":{"start":{"line":307,"column":37},"end":{"line":315,"column":1}}},"14":{"name":"(anonymous_22)","decl":{"start":{"line":308,"column":21},"end":{"line":308,"column":22}},"loc":{"start":{"line":308,"column":41},"end":{"line":314,"column":3}}},"15":{"name":"(anonymous_23)","decl":{"start":{"line":311,"column":17},"end":{"line":311,"column":20}},"loc":{"start":{"line":311,"column":23},"end":{"line":311,"column":35}}},"16":{"name":"removeFace","decl":{"start":{"line":322,"column":22},"end":{"line":322,"column":32}},"loc":{"start":{"line":323,"column":35},"end":{"line":361,"column":null}}},"17":{"name":"(anonymous_26)","decl":{"start":{"line":349,"column":21},"end":{"line":349,"column":22}},"loc":{"start":{"line":349,"column":33},"end":{"line":360,"column":3}}},"18":{"name":"(anonymous_27)","decl":{"start":{"line":351,"column":6},"end":{"line":351,"column":7}},"loc":{"start":{"line":351,"column":15},"end":{"line":356,"column":7}}},"19":{"name":"applyPixelation","decl":{"start":{"line":369,"column":9},"end":{"line":369,"column":24}},"loc":{"start":{"line":372,"column":19},"end":{"line":441,"column":1}}},"20":{"name":"(anonymous_29)","decl":{"start":{"line":448,"column":30},"end":{"line":448,"column":37}},"loc":{"start":{"line":448,"column":67},"end":{"line":456,"column":2}}},"21":{"name":"(anonymous_30)","decl":{"start":{"line":448,"column":67},"end":{"line":448,"column":null}},"loc":{"start":{"line":448,"column":67},"end":{"line":456,"column":1}}},"22":{"name":"(anonymous_31)","decl":{"start":{"line":466,"column":35},"end":{"line":466,"column":null}},"loc":{"start":{"line":476,"column":21},"end":{"line":564,"column":2}}},"23":{"name":"(anonymous_32)","decl":{"start":{"line":476,"column":21},"end":{"line":476,"column":null}},"loc":{"start":{"line":475,"column":8},"end":{"line":564,"column":1}}},"24":{"name":"recoverFace","decl":{"start":{"line":572,"column":22},"end":{"line":572,"column":33}},"loc":{"start":{"line":574,"column":20},"end":{"line":631,"column":null}}},"25":{"name":"(anonymous_35)","decl":{"start":{"line":619,"column":21},"end":{"line":619,"column":22}},"loc":{"start":{"line":619,"column":33},"end":{"line":630,"column":3}}},"26":{"name":"(anonymous_36)","decl":{"start":{"line":621,"column":6},"end":{"line":621,"column":7}},"loc":{"start":{"line":621,"column":15},"end":{"line":626,"column":7}}},"27":{"name":"blendFace","decl":{"start":{"line":639,"column":9},"end":{"line":639,"column":18}},"loc":{"start":{"line":642,"column":28},"end":{"line":692,"column":1}}}},"branchMap":{"0":{"loc":{"start":{"line":30,"column":2},"end":{"line":30,"column":40}},"type":"default-arg","locations":[{"start":{"line":30,"column":36},"end":{"line":30,"column":40}}]},"1":{"loc":{"start":{"line":55,"column":4},"end":{"line":70,"column":5}},"type":"if","locations":[{"start":{"line":55,"column":4},"end":{"line":70,"column":5}}]},"2":{"loc":{"start":{"line":56,"column":13},"end":{"line":69,"column":13}},"type":"cond-expr","locations":[{"start":{"line":57,"column":10},"end":{"line":65,"column":15}},{"start":{"line":66,"column":10},"end":{"line":69,"column":13}}]},"3":{"loc":{"start":{"line":56,"column":13},"end":{"line":56,"column":56}},"type":"binary-expr","locations":[{"start":{"line":56,"column":13},"end":{"line":56,"column":27}},{"start":{"line":56,"column":31},"end":{"line":56,"column":56}}]},"4":{"loc":{"start":{"line":60,"column":16},"end":{"line":60,"column":80}},"type":"binary-expr","locations":[{"start":{"line":60,"column":16},"end":{"line":60,"column":38}},{"start":{"line":60,"column":42},"end":{"line":60,"column":80}}]},"5":{"loc":{"start":{"line":122,"column":2},"end":{"line":122,"column":39}},"type":"default-arg","locations":[{"start":{"line":122,"column":35},"end":{"line":122,"column":39}}]},"6":{"loc":{"start":{"line":134,"column":4},"end":{"line":138,"column":26}},"type":"cond-expr","locations":[{"start":{"line":135,"column":8},"end":{"line":136,"column":null}},{"start":{"line":138,"column":8},"end":{"line":138,"column":26}}]},"7":{"loc":{"start":{"line":134,"column":4},"end":{"line":134,"column":46}},"type":"binary-expr","locations":[{"start":{"line":134,"column":4},"end":{"line":134,"column":17}},{"start":{"line":134,"column":21},"end":{"line":134,"column":46}}]},"8":{"loc":{"start":{"line":134,"column":21},"end":{"line":134,"column":42}},"type":"cond-expr","locations":[{"start":{"line":134,"column":34},"end":{"line":134,"column":36}},{"start":{"line":134,"column":21},"end":{"line":134,"column":42}}]},"9":{"loc":{"start":{"line":134,"column":21},"end":{"line":134,"column":36}},"type":"binary-expr","locations":[{"start":{"line":134,"column":21},"end":{"line":134,"column":36}},{"start":{"line":134,"column":21},"end":{"line":134,"column":36}}]},"10":{"loc":{"start":{"line":151,"column":4},"end":{"line":153,"column":5}},"type":"if","locations":[{"start":{"line":151,"column":4},"end":{"line":153,"column":5}}]},"11":{"loc":{"start":{"line":208,"column":2},"end":{"line":210,"column":3}},"type":"if","locations":[{"start":{"line":208,"column":2},"end":{"line":210,"column":3}}]},"12":{"loc":{"start":{"line":219,"column":4},"end":{"line":222,"column":5}},"type":"if","locations":[{"start":{"line":219,"column":4},"end":{"line":222,"column":5}}]},"13":{"loc":{"start":{"line":231,"column":4},"end":{"line":233,"column":5}},"type":"if","locations":[{"start":{"line":231,"column":4},"end":{"line":233,"column":5}}]},"14":{"loc":{"start":{"line":253,"column":4},"end":{"line":256,"column":5}},"type":"if","locations":[{"start":{"line":253,"column":4},"end":{"line":256,"column":5}}]},"15":{"loc":{"start":{"line":261,"column":14},"end":{"line":261,"column":63}},"type":"cond-expr","locations":[{"start":{"line":261,"column":28},"end":{"line":261,"column":57}},{"start":{"line":261,"column":60},"end":{"line":261,"column":63}}]},"16":{"loc":{"start":{"line":266,"column":6},"end":{"line":271,"column":7}},"type":"if","locations":[{"start":{"line":266,"column":6},"end":{"line":271,"column":7}}]},"17":{"loc":{"start":{"line":328,"column":2},"end":{"line":330,"column":3}},"type":"if","locations":[{"start":{"line":328,"column":2},"end":{"line":330,"column":3}}]},"18":{"loc":{"start":{"line":337,"column":2},"end":{"line":339,"column":3}},"type":"if","locations":[{"start":{"line":337,"column":2},"end":{"line":339,"column":3}}]},"19":{"loc":{"start":{"line":352,"column":8},"end":{"line":354,"column":9}},"type":"if","locations":[{"start":{"line":352,"column":8},"end":{"line":354,"column":9}}]},"20":{"loc":{"start":{"line":386,"column":6},"end":{"line":388,"column":7}},"type":"if","locations":[{"start":{"line":386,"column":6},"end":{"line":388,"column":7}}]},"21":{"loc":{"start":{"line":396,"column":23},"end":{"line":396,"column":67}},"type":"binary-expr","locations":[{"start":{"line":396,"column":23},"end":{"line":396,"column":37}},{"start":{"line":396,"column":41},"end":{"line":396,"column":67}}]},"22":{"loc":{"start":{"line":397,"column":25},"end":{"line":397,"column":68}},"type":"binary-expr","locations":[{"start":{"line":397,"column":25},"end":{"line":397,"column":39}},{"start":{"line":397,"column":43},"end":{"line":397,"column":68}}]},"23":{"loc":{"start":{"line":398,"column":10},"end":{"line":401,"column":11}},"type":"if","locations":[{"start":{"line":398,"column":10},"end":{"line":401,"column":11}}]},"24":{"loc":{"start":{"line":403,"column":8},"end":{"line":403,"column":32}},"type":"if","locations":[{"start":{"line":403,"column":8},"end":{"line":403,"column":32}}]},"25":{"loc":{"start":{"line":406,"column":6},"end":{"line":436,"column":7}},"type":"if","locations":[{"start":{"line":406,"column":6},"end":{"line":436,"column":7}}]},"26":{"loc":{"start":{"line":412,"column":25},"end":{"line":412,"column":69}},"type":"binary-expr","locations":[{"start":{"line":412,"column":25},"end":{"line":412,"column":39}},{"start":{"line":412,"column":43},"end":{"line":412,"column":69}}]},"27":{"loc":{"start":{"line":413,"column":27},"end":{"line":413,"column":70}},"type":"binary-expr","locations":[{"start":{"line":413,"column":27},"end":{"line":413,"column":41}},{"start":{"line":413,"column":45},"end":{"line":413,"column":70}}]},"28":{"loc":{"start":{"line":426,"column":25},"end":{"line":426,"column":69}},"type":"binary-expr","locations":[{"start":{"line":426,"column":25},"end":{"line":426,"column":39}},{"start":{"line":426,"column":43},"end":{"line":426,"column":69}}]},"29":{"loc":{"start":{"line":427,"column":27},"end":{"line":427,"column":70}},"type":"binary-expr","locations":[{"start":{"line":427,"column":27},"end":{"line":427,"column":41}},{"start":{"line":427,"column":45},"end":{"line":427,"column":70}}]},"30":{"loc":{"start":{"line":428,"column":12},"end":{"line":433,"column":13}},"type":"if","locations":[{"start":{"line":428,"column":12},"end":{"line":433,"column":13}}]},"31":{"loc":{"start":{"line":470,"column":2},"end":{"line":475,"column":8}},"type":"default-arg","locations":[{"start":{"line":475,"column":6},"end":{"line":475,"column":8}}]},"32":{"loc":{"start":{"line":477,"column":2},"end":{"line":479,"column":3}},"type":"if","locations":[{"start":{"line":477,"column":2},"end":{"line":479,"column":3}}]},"33":{"loc":{"start":{"line":483,"column":4},"end":{"line":483,"column":40}},"type":"default-arg","locations":[{"start":{"line":483,"column":20},"end":{"line":483,"column":40}}]},"34":{"loc":{"start":{"line":484,"column":4},"end":{"line":484,"column":23}},"type":"default-arg","locations":[{"start":{"line":484,"column":21},"end":{"line":484,"column":23}}]},"35":{"loc":{"start":{"line":485,"column":4},"end":{"line":485,"column":23}},"type":"default-arg","locations":[{"start":{"line":485,"column":20},"end":{"line":485,"column":23}}]},"36":{"loc":{"start":{"line":486,"column":4},"end":{"line":486,"column":16}},"type":"default-arg","locations":[{"start":{"line":486,"column":11},"end":{"line":486,"column":16}}]},"37":{"loc":{"start":{"line":519,"column":4},"end":{"line":556,"column":5}},"type":"if","locations":[{"start":{"line":519,"column":4},"end":{"line":556,"column":5}}]},"38":{"loc":{"start":{"line":519,"column":8},"end":{"line":519,"column":70}},"type":"binary-expr","locations":[{"start":{"line":519,"column":8},"end":{"line":519,"column":14}},{"start":{"line":519,"column":18},"end":{"line":519,"column":44}},{"start":{"line":519,"column":48},"end":{"line":519,"column":70}}]},"39":{"loc":{"start":{"line":524,"column":6},"end":{"line":536,"column":7}},"type":"if","locations":[{"start":{"line":524,"column":6},"end":{"line":536,"column":7}}]},"40":{"loc":{"start":{"line":524,"column":10},"end":{"line":524,"column":69}},"type":"binary-expr","locations":[{"start":{"line":524,"column":10},"end":{"line":524,"column":19}},{"start":{"line":524,"column":23},"end":{"line":524,"column":52}},{"start":{"line":524,"column":56},"end":{"line":524,"column":69}}]},"41":{"loc":{"start":{"line":528,"column":8},"end":{"line":535,"column":9}},"type":"if","locations":[{"start":{"line":528,"column":8},"end":{"line":535,"column":9}},{"start":{"line":530,"column":15},"end":{"line":535,"column":9}}]},"42":{"loc":{"start":{"line":539,"column":6},"end":{"line":550,"column":7}},"type":"if","locations":[{"start":{"line":539,"column":6},"end":{"line":550,"column":7}}]},"43":{"loc":{"start":{"line":540,"column":8},"end":{"line":542,"column":9}},"type":"if","locations":[{"start":{"line":540,"column":8},"end":{"line":542,"column":9}}]},"44":{"loc":{"start":{"line":540,"column":12},"end":{"line":540,"column":73}},"type":"binary-expr","locations":[{"start":{"line":540,"column":12},"end":{"line":540,"column":40}},{"start":{"line":540,"column":44},"end":{"line":540,"column":73}}]},"45":{"loc":{"start":{"line":553,"column":6},"end":{"line":555,"column":7}},"type":"if","locations":[{"start":{"line":553,"column":6},"end":{"line":555,"column":7}}]},"46":{"loc":{"start":{"line":586,"column":2},"end":{"line":588,"column":3}},"type":"if","locations":[{"start":{"line":586,"column":2},"end":{"line":588,"column":3}}]},"47":{"loc":{"start":{"line":597,"column":2},"end":{"line":599,"column":3}},"type":"if","locations":[{"start":{"line":597,"column":2},"end":{"line":599,"column":3}}]},"48":{"loc":{"start":{"line":622,"column":8},"end":{"line":624,"column":9}},"type":"if","locations":[{"start":{"line":622,"column":8},"end":{"line":624,"column":9}}]},"49":{"loc":{"start":{"line":669,"column":6},"end":{"line":689,"column":7}},"type":"if","locations":[{"start":{"line":669,"column":6},"end":{"line":689,"column":7}}]}},"s":{"0":0,"1":0,"2":0,"3":0,"4":0,"5":0,"6":0,"7":0,"8":0,"9":0,"10":0,"11":0,"12":0,"13":0,"14":0,"15":0,"16":0,"17":0,"18":0,"19":0,"20":0,"21":0,"22":0,"23":0,"24":0,"25":0,"26":0,"27":0,"28":0,"29":0,"30":0,"31":0,"32":0,"33":0,"34":0,"35":0,"36":0,"37":0,"38":0,"39":0,"40":0,"41":0,"42":0,"43":0,"44":0,"45":0,"46":0,"47":0,"48":0,"49":0,"50":0,"51":0,"52":0,"53":0,"54":0,"55":0,"56":0,"57":0,"58":0,"59":0,"60":0,"61":0,"62":0,"63":0,"64":0,"65":0,"66":0,"67":0,"68":0,"69":0,"70":0,"71":0,"72":0,"73":0,"74":0,"75":0,"76":0,"77":0,"78":0,"79":0,"80":0,"81":0,"82":0,"83":0,"84":0,"85":0,"86":0,"87":0,"88":0,"89":0,"90":0,"91":0,"92":0,"93":0,"94":0,"95":0,"96":0,"97":0,"98":0,"99":0,"100":0,"101":0,"102":0,"103":0,"104":0,"105":0,"106":0,"107":0,"108":0,"109":0,"110":0,"111":0,"112":0,"113":0,"114":0,"115":0,"116":0,"117":0,"118":0,"119":0,"120":0,"121":0,"122":0,"123":0,"124":0,"125":0,"126":0,"127":0,"128":0,"129":0,"130":0,"131":0,"132":0,"133":0,"134":0,"135":0,"136":0,"137":0,"138":0,"139":0,"140":0,"141":0,"142":0,"143":0,"144":0,"145":0,"146":0,"147":0,"148":0,"149":0,"150":0,"151":0,"152":0,"153":0,"154":0,"155":0,"156":0,"157":0,"158":0,"159":0,"160":0,"161":0,"162":0,"163":0,"164":0,"165":0,"166":0,"167":0,"168":0,"169":0,"170":0,"171":0,"172":0,"173":0,"174":0,"175":0,"176":0,"177":0,"178":0,"179":0,"180":0,"181":0,"182":0,"183":0,"184":0,"185":0,"186":0,"187":0,"188":0,"189":0,"190":0,"191":0,"192":0,"193":0,"194":0,"195":0,"196":0,"197":0,"198":0,"199":0,"200":0,"201":0,"202":0,"203":0,"204":0,"205":0,"206":0,"207":0,"208":0,"209":0,"210":0,"211":0,"212":0,"213":0,"214":0,"215":0,"216":0,"217":0,"218":0,"219":0,"220":0,"221":0,"222":0,"223":0,"224":0,"225":0,"226":0,"227":0,"228":0,"229":0,"230":0,"231":0,"232":0,"233":0,"234":0,"235":0,"236":0,"237":0,"238":0,"239":0,"240":0,"241":0,"242":0,"243":0,"244":0,"245":0,"246":0,"247":0,"248":0,"249":0,"250":0,"251":0,"252":0,"253":0,"254":0,"255":0,"256":0,"257":0,"258":0},"f":{"0":0,"1":0,"2":0,"3":0,"4":0,"5":0,"6":0,"7":0,"8":0,"9":0,"10":0,"11":0,"12":0,"13":0,"14":0,"15":0,"16":0,"17":0,"18":0,"19":0,"20":0,"21":0,"22":0,"23":0,"24":0,"25":0,"26":0,"27":0},"b":{"0":[0],"1":[0],"2":[0,0],"3":[0,0],"4":[0,0],"5":[0],"6":[0,0],"7":[0,0],"8":[0,0],"9":[0,0],"10":[0],"11":[0],"12":[0],"13":[0],"14":[0],"15":[0,0],"16":[0],"17":[0],"18":[0],"19":[0],"20":[0],"21":[0,0],"22":[0,0],"23":[0],"24":[0],"25":[0],"26":[0,0],"27":[0,0],"28":[0,0],"29":[0,0],"30":[0],"31":[0],"32":[0],"33":[0],"34":[0],"35":[0],"36":[0],"37":[0],"38":[0,0,0],"39":[0],"40":[0,0,0],"41":[0,0],"42":[0],"43":[0],"44":[0,0],"45":[0],"46":[0],"47":[0],"48":[0],"49":[0]}}
}
